[2025-04-26 02:21:36] [IntelHarvester] Scraping GitHub trending...
[2025-04-26 02:21:36] [GitHubSync] Syncing project to GitHub...
[2025-04-26 02:21:36] [DriveSync] Backing up to Google Drive...
[2025-04-26 02:21:36] [MemoryCore] Saving daily knowledge...
[2025-04-26 02:21:36] [Guardian] Checking system health...
[2025-04-26 02:21:36] [DriveSync] Backup failed
[2025-04-26 02:26:36] [Guardian] Checking system health...
[2025-04-26 02:31:36] [Guardian] Checking system health...
[2025-04-26 02:36:36] [Guardian] Checking system health...
[2025-04-26 02:39:24] [GitHubSync] Syncing to GitHub...
[2025-04-26 02:39:24] [MemoryCore] Saving knowledge...
[2025-04-26 02:39:24] [Guardian] Checking system health...
[2025-04-26 02:39:24] [IntelHarvester] Scraping GitHub trending...
[2025-04-26 02:39:24] [DriveSync] Uploading to Google Drive...
2025/04/26 02:39:24 CRITICAL: Failed to create file system for "gdrive:EliasHive-Drive-Sync": drive: failed when making oauth client: error opening service account credentials file: open /home/ec2-user/credentials/mirrorone-456514-bb12c443749a.json: no such file or directory
[2025-04-26 02:41:36] [Guardian] Checking system health...
[2025-04-26 02:44:24] [Guardian] Checking system health...
[2025-04-26 02:46:36] [Guardian] Checking system health...
[2025-04-26 02:49:24] [Guardian] Checking system health...
[2025-04-26 02:54:24] [Guardian] Checking system health...
[2025-04-26 02:59:24] [Guardian] Checking system health...
[2025-04-26 03:04:24] [Guardian] Checking system health...
[2025-04-26 03:09:24] [Guardian] Checking system health...
[2025-04-26 03:09:25] [IntelHarvester] Scraping GitHub trending...
[2025-04-26 03:14:24] [Guardian] Checking system health...
[2025-04-26 03:19:24] [Guardian] Checking system health...
[2025-04-26 03:24:24] [Guardian] Checking system health...
[2025-04-26 03:29:24] [Guardian] Checking system health...
[2025-04-26 03:34:24] [Guardian] Checking system health...
[2025-04-26 03:39:24] [MemoryCore] Saving knowledge...
[2025-04-26 03:39:24] [Guardian] Checking system health...
[2025-04-26 03:39:24] [DriveSync] Uploading to Google Drive...
2025/04/26 03:39:24 CRITICAL: Failed to create file system for "gdrive:EliasHive-Drive-Sync": drive: failed when making oauth client: error opening service account credentials file: open /home/ec2-user/credentials/mirrorone-456514-bb12c443749a.json: no such file or directory
[2025-04-26 03:39:25] [IntelHarvester] Scraping GitHub trending...
[2025-04-26 03:39:26] [GitHubSync] Syncing to GitHub...
[2025-04-26 03:44:24] [Guardian] Checking system health...
[2025-04-26 03:49:24] [Guardian] Checking system health...
[2025-04-26 03:54:24] [Guardian] Checking system health...
[2025-04-26 04:34:09] [MemoryCore] Saving knowledge...
[2025-04-26 04:34:09] [IntelHarvester] Scraping GitHub trending...
[2025-04-26 04:34:09] [GitHubSync] Syncing to GitHub...
[2025-04-26 04:34:09] [Guardian] Checking system health...
[2025-04-26 04:34:09] [DriveSync] Uploading to Google Drive...
2025/04/26 04:34:10 CRITICAL: Failed to create file system for "gdrive:EliasHive-Drive-Sync": drive: failed when making oauth client: error opening service account credentials file: open /home/ec2-user/credentials/mirrorone-456514-bb12c443749a.json: no such file or directory
[2025-04-26 04:39:09] [Guardian] Checking system health...
[2025-04-26 04:44:09] [Guardian] Checking system health...
[2025-04-26 04:49:09] [Guardian] Checking system health...
[2025-04-26 04:54:09] [Guardian] Checking system health...
[2025-04-26 04:59:09] [Guardian] Checking system health...
[2025-04-26 05:04:09] [Guardian] Checking system health...
[2025-04-26 05:04:10] [IntelHarvester] Scraping GitHub trending...
[2025-04-26 05:09:09] [Guardian] Checking system health...
[2025-04-26 05:14:09] [Guardian] Checking system health...
[2025-04-26 05:19:09] [Guardian] Checking system health...
[2025-04-26 05:24:09] [Guardian] Checking system health...
[2025-04-26 05:29:09] [Guardian] Checking system health...
[2025-04-26 05:34:09] [MemoryCore] Saving knowledge...
[2025-04-26 05:34:09] [Guardian] Checking system health...
[2025-04-26 05:34:10] [DriveSync] Uploading to Google Drive...
2025/04/26 05:34:10 CRITICAL: Failed to create file system for "gdrive:EliasHive-Drive-Sync": couldn't find root directory ID: Get "https://www.googleapis.com/drive/v3/files/root?alt=json&fields=id&prettyPrint=false&supportsAllDrives=true": private key should be a PEM or plain PKCS1 or PKCS8; parse error: asn1: structure error: tags don't match (16 vs {class:0 tag:13 length:67 isCompound:false}) {optional:false explicit:false application:false private:false defaultValue:<nil> tag:<nil> stringType:0 timeType:0 set:false omitEmpty:false} pkcs1PrivateKey @2
[2025-04-26 05:34:10] [GitHubSync] Syncing to GitHub...
[2025-04-26 05:34:11] [IntelHarvester] Scraping GitHub trending...
[2025-04-26 05:39:09] [Guardian] Checking system health...
[2025-04-26 05:44:09] [Guardian] Checking system health...
[2025-04-26 05:49:09] [Guardian] Checking system health...
[2025-04-26 05:54:09] [Guardian] Checking system health...
[2025-04-26 05:59:09] [Guardian] Checking system health...
[2025-04-26 06:04:09] [Guardian] Checking system health...
[2025-04-26 06:04:12] [IntelHarvester] Scraping GitHub trending...
[2025-04-26 06:09:09] [Guardian] Checking system health...
[2025-04-26 06:14:09] [Guardian] Checking system health...
[2025-04-26 06:19:09] [Guardian] Checking system health...
[2025-04-26 06:24:09] [Guardian] Checking system health...
[2025-04-26 06:29:09] [Guardian] Checking system health...
[2025-04-26 06:34:09] [MemoryCore] Saving knowledge...
