[Sentinel] Starting Reload Sentinel...
[1] Killing old Flask if running...
[2] Launching Flask dashboard...
[3] Repairing Nginx configuration...
[4] Restarting Nginx service...
nginx: the configuration file /etc/nginx/nginx.conf syntax is ok
nginx: configuration file /etc/nginx/nginx.conf test is successful
[OK] Nginx restarted successfully.
[5] Checking SSL cert status...
[AutoFix] No SSL cert found, attempting to issue cert...
Saving debug log to /var/log/letsencrypt/letsencrypt.log
Python 3.8 support will be dropped in the next planned release of Certbot - please upgrade your Python version.
Certificate not yet due for renewal

- - - - - - - - - - - - - - - - - - - - - - - - - - - - - - - - - - - - - - - -
Certificate not yet due for renewal; no action taken.
- - - - - - - - - - - - - - - - - - - - - - - - - - - - - - - - - - - - - - - -
[6] Checking DNS records...
[Sentinel] Reload Complete. Visit: https://eliasnorth.com
[Sentinel] Starting Reload Sentinel...
[1] Killing old Flask if running...
[2] Launching Flask dashboard...
[3] Repairing Nginx configuration...
[4] Restarting Nginx service...
nginx: the configuration file /etc/nginx/nginx.conf syntax is ok
nginx: configuration file /etc/nginx/nginx.conf test is successful
[OK] Nginx restarted successfully.
[5] Checking SSL cert status...
[AutoFix] No SSL cert found, attempting to issue cert...
Saving debug log to /var/log/letsencrypt/letsencrypt.log
Python 3.8 support will be dropped in the next planned release of Certbot - please upgrade your Python version.
Certificate not yet due for renewal

- - - - - - - - - - - - - - - - - - - - - - - - - - - - - - - - - - - - - - - -
Certificate not yet due for renewal; no action taken.
- - - - - - - - - - - - - - - - - - - - - - - - - - - - - - - - - - - - - - - -
[6] Checking DNS records...
[Sentinel] Reload Complete. Visit: https://eliasnorth.com
[Sentinel] Starting Reload Sentinel...
[1] Killing old Flask if running...
[2] Launching Flask dashboard...
[3] Repairing Nginx configuration...
[4] Restarting Nginx service...
nginx: the configuration file /etc/nginx/nginx.conf syntax is ok
nginx: configuration file /etc/nginx/nginx.conf test is successful
[OK] Nginx restarted successfully.
[5] Checking SSL cert status...
[AutoFix] No SSL cert found, attempting to issue cert...
Saving debug log to /var/log/letsencrypt/letsencrypt.log
Python 3.8 support will be dropped in the next planned release of Certbot - please upgrade your Python version.
Certificate not yet due for renewal

- - - - - - - - - - - - - - - - - - - - - - - - - - - - - - - - - - - - - - - -
Certificate not yet due for renewal; no action taken.
- - - - - - - - - - - - - - - - - - - - - - - - - - - - - - - - - - - - - - - -
[6] Checking DNS records...
[Sentinel] Reload Complete. Visit: https://eliasnorth.com
[Sentinel] Starting Reload Sentinel...
[1] Killing old Flask if running...
[2] Launching Flask dashboard...
[3] Repairing Nginx configuration...
[4] Restarting Nginx service...
nginx: the configuration file /etc/nginx/nginx.conf syntax is ok
nginx: configuration file /etc/nginx/nginx.conf test is successful
[OK] Nginx restarted successfully.
[5] Checking SSL cert status...
[AutoFix] No SSL cert found, attempting to issue cert...
Saving debug log to /var/log/letsencrypt/letsencrypt.log
Python 3.8 support will be dropped in the next planned release of Certbot - please upgrade your Python version.
Certificate not yet due for renewal

- - - - - - - - - - - - - - - - - - - - - - - - - - - - - - - - - - - - - - - -
Certificate not yet due for renewal; no action taken.
- - - - - - - - - - - - - - - - - - - - - - - - - - - - - - - - - - - - - - - -
[6] Checking DNS records...
[Sentinel] Reload Complete. Visit: https://eliasnorth.com
[Sentinel] Starting Reload Sentinel...
[1] Killing old Flask if running...
[2] Launching Flask dashboard...
[3] Repairing Nginx configuration...
[4] Restarting Nginx service...
nginx: the configuration file /etc/nginx/nginx.conf syntax is ok
nginx: configuration file /etc/nginx/nginx.conf test is successful
[OK] Nginx restarted successfully.
[5] Checking SSL cert status...
[AutoFix] No SSL cert found, attempting to issue cert...
Saving debug log to /var/log/letsencrypt/letsencrypt.log
Python 3.8 support will be dropped in the next planned release of Certbot - please upgrade your Python version.
Certificate not yet due for renewal

- - - - - - - - - - - - - - - - - - - - - - - - - - - - - - - - - - - - - - - -
Certificate not yet due for renewal; no action taken.
- - - - - - - - - - - - - - - - - - - - - - - - - - - - - - - - - - - - - - - -
[6] Checking DNS records...
[Sentinel] Reload Complete. Visit: https://eliasnorth.com
-bash: 0: command not found
[Sentinel] Starting Reload Sentinel...
[1] Killing old Flask if running...
[2] Launching Flask dashboard...
[3] Repairing Nginx configuration...
[4] Restarting Nginx service...
nginx: the configuration file /etc/nginx/nginx.conf syntax is ok
nginx: configuration file /etc/nginx/nginx.conf test is successful
[OK] Nginx restarted successfully.
[5] Checking SSL cert status...
[AutoFix] No SSL cert found, attempting to issue cert...
Saving debug log to /var/log/letsencrypt/letsencrypt.log
Python 3.8 support will be dropped in the next planned release of Certbot - please upgrade your Python version.
Certificate not yet due for renewal

- - - - - - - - - - - - - - - - - - - - - - - - - - - - - - - - - - - - - - - -
Certificate not yet due for renewal; no action taken.
- - - - - - - - - - - - - - - - - - - - - - - - - - - - - - - - - - - - - - - -
[6] Checking DNS records...
[Sentinel] Reload Complete. Visit: https://eliasnorth.com
[Sentinel] Starting Reload Sentinel...
[1] Killing old Flask if running...
[2] Launching Flask dashboard...
[3] Repairing Nginx configuration...
[4] Restarting Nginx service...
nginx: the configuration file /etc/nginx/nginx.conf syntax is ok
nginx: configuration file /etc/nginx/nginx.conf test is successful
[OK] Nginx restarted successfully.
[5] Checking SSL cert status...
[AutoFix] No SSL cert found, attempting to issue cert...
Saving debug log to /var/log/letsencrypt/letsencrypt.log
Python 3.8 support will be dropped in the next planned release of Certbot - please upgrade your Python version.
Certificate not yet due for renewal

- - - - - - - - - - - - - - - - - - - - - - - - - - - - - - - - - - - - - - - -
Certificate not yet due for renewal; no action taken.
- - - - - - - - - - - - - - - - - - - - - - - - - - - - - - - - - - - - - - - -
[6] Checking DNS records...
[Sentinel] Reload Complete. Visit: https://eliasnorth.com
