[main 4ae05c2] Auto-sync: 2025-04-26 04:34:09
 19 files changed, 5304 insertions(+)
 create mode 100755 ELIAS_HIVE_SENTINEL_BUILD.sh
 create mode 100644 api/api.log
 create mode 100644 api/elias_api_server.py
 create mode 100644 api_bridge/api_server.py
 create mode 100755 brainfeed.sh
 create mode 100755 elias_hive_controller.sh
 create mode 100644 logs/api_bridge.log
 create mode 100644 logs/brainfeed_20250426.log
 create mode 100644 logs/controller_20250426.log
 create mode 100644 logs/heartbeat.log
 create mode 100644 logs/sentinel.out
 create mode 100644 memory_core/insights/ai_frameworks_20250426.txt
 create mode 100644 memory_core/insights/ai_subfields_20250426.txt
 create mode 100644 memory_core/insights/deprecated_20250426.txt
 create mode 100644 memory_core/insights/language_trends_20250426.txt
 create mode 100644 memory_core/insights/top_ai_repos_20250426.txt
 create mode 100755 nova_elias_heartbeat.sh
2025/04/26 04:34:10 CRITICAL: Failed to create file system for "gdrive:EliasHive-Drive-Sync": drive: failed when making oauth client: error opening service account credentials file: open /home/ec2-user/credentials/mirrorone-456514-bb12c443749a.json: no such file or directory
To https://github.com/elias-hivemind/project-eliashive.git
   2e6361d..4ae05c2  main -> main
2025/04/26 05:34:10 CRITICAL: Failed to create file system for "gdrive:EliasHive-Drive-Sync": couldn't find root directory ID: Get "https://www.googleapis.com/drive/v3/files/root?alt=json&fields=id&prettyPrint=false&supportsAllDrives=true": private key should be a PEM or plain PKCS1 or PKCS8; parse error: asn1: structure error: tags don't match (16 vs {class:0 tag:13 length:67 isCompound:false}) {optional:false explicit:false application:false private:false defaultValue:<nil> tag:<nil> stringType:0 timeType:0 set:false omitEmpty:false} pkcs1PrivateKey @2
[main 48d42d2] Auto-sync: 2025-04-26 05:34:10
 13 files changed, 22098 insertions(+)
 create mode 100644 frontend_dashboard/app.py
 create mode 100644 github_intel/trending_20250426_044039.json
 create mode 100644 github_intel/trending_20250426_050410.json
 create mode 100644 logs/frontend_dashboard.log
 create mode 100644 memory_core/trending_20250426_043409.json
 create mode 100644 memory_core/trending_20250426_044039.json
 create mode 100644 memory_core/trending_20250426_050410.json
 create mode 100755 start_dashboard.sh
To https://github.com/elias-hivemind/project-eliashive.git
   2fc2548..48d42d2  main -> main
2025/04/26 06:34:10 CRITICAL: Failed to create file system for "gdrive:EliasHive-Drive-Sync": couldn't find root directory ID: Get "https://www.googleapis.com/drive/v3/files/root?alt=json&fields=id&prettyPrint=false&supportsAllDrives=true": private key should be a PEM or plain PKCS1 or PKCS8; parse error: asn1: structure error: tags don't match (16 vs {class:0 tag:13 length:67 isCompound:false}) {optional:false explicit:false application:false private:false defaultValue:<nil> tag:<nil> stringType:0 timeType:0 set:false omitEmpty:false} pkcs1PrivateKey @2
[main 65e0a4b] Auto-sync: 2025-04-26 06:34:11
 9 files changed, 18953 insertions(+)
 create mode 100644 github_intel/trending_20250426_053411.json
 create mode 100644 github_intel/trending_20250426_060412.json
 create mode 100644 memory_core/trending_20250426_053411.json
 create mode 100644 memory_core/trending_20250426_060412.json
To https://github.com/elias-hivemind/project-eliashive.git
   48d42d2..65e0a4b  main -> main
2025/04/26 07:34:10 CRITICAL: Failed to create file system for "gdrive:EliasHive-Drive-Sync": couldn't find root directory ID: Get "https://www.googleapis.com/drive/v3/files/root?alt=json&fields=id&prettyPrint=false&supportsAllDrives=true": private key should be a PEM or plain PKCS1 or PKCS8; parse error: asn1: structure error: tags don't match (16 vs {class:0 tag:13 length:67 isCompound:false}) {optional:false explicit:false application:false private:false defaultValue:<nil> tag:<nil> stringType:0 timeType:0 set:false omitEmpty:false} pkcs1PrivateKey @2
[main 7cad854] Auto-sync: 2025-04-26 07:34:12
 8 files changed, 18936 insertions(+)
 create mode 100644 github_intel/trending_20250426_063412.json
 create mode 100644 github_intel/trending_20250426_070413.json
 create mode 100644 memory_core/trending_20250426_063412.json
 create mode 100644 memory_core/trending_20250426_070413.json
To https://github.com/elias-hivemind/project-eliashive.git
   65e0a4b..7cad854  main -> main
2025/04/26 08:34:10 CRITICAL: Failed to create file system for "gdrive:EliasHive-Drive-Sync": couldn't find root directory ID: Get "https://www.googleapis.com/drive/v3/files/root?alt=json&fields=id&prettyPrint=false&supportsAllDrives=true": private key should be a PEM or plain PKCS1 or PKCS8; parse error: asn1: structure error: tags don't match (16 vs {class:0 tag:13 length:67 isCompound:false}) {optional:false explicit:false application:false private:false defaultValue:<nil> tag:<nil> stringType:0 timeType:0 set:false omitEmpty:false} pkcs1PrivateKey @2
[main 012e867] Auto-sync: 2025-04-26 08:34:13
 8 files changed, 18936 insertions(+)
 create mode 100644 github_intel/trending_20250426_073414.json
 create mode 100644 github_intel/trending_20250426_080415.json
 create mode 100644 memory_core/trending_20250426_073414.json
 create mode 100644 memory_core/trending_20250426_080415.json
To https://github.com/elias-hivemind/project-eliashive.git
   7cad854..012e867  main -> main
2025/04/26 09:34:10 CRITICAL: Failed to create file system for "gdrive:EliasHive-Drive-Sync": couldn't find root directory ID: Get "https://www.googleapis.com/drive/v3/files/root?alt=json&fields=id&prettyPrint=false&supportsAllDrives=true": private key should be a PEM or plain PKCS1 or PKCS8; parse error: asn1: structure error: tags don't match (16 vs {class:0 tag:13 length:67 isCompound:false}) {optional:false explicit:false application:false private:false defaultValue:<nil> tag:<nil> stringType:0 timeType:0 set:false omitEmpty:false} pkcs1PrivateKey @2
