[2025-04-26 02:21:36] [IntelHarvester] Scraping GitHub trending...
[2025-04-26 02:21:36] [GitHubSync] Syncing project to GitHub...
[2025-04-26 02:21:36] [DriveSync] Backing up to Google Drive...
[2025-04-26 02:21:36] [MemoryCore] Saving daily knowledge...
[2025-04-26 02:21:36] [Guardian] Checking system health...
[2025-04-26 02:21:36] [DriveSync] Backup failed
[2025-04-26 02:26:36] [Guardian] Checking system health...
[2025-04-26 02:31:36] [Guardian] Checking system health...
[2025-04-26 02:36:36] [Guardian] Checking system health...
[2025-04-26 02:39:24] [GitHubSync] Syncing to GitHub...
[2025-04-26 02:39:24] [MemoryCore] Saving knowledge...
[2025-04-26 02:39:24] [Guardian] Checking system health...
[2025-04-26 02:39:24] [IntelHarvester] Scraping GitHub trending...
[2025-04-26 02:39:24] [DriveSync] Uploading to Google Drive...
2025/04/26 02:39:24 CRITICAL: Failed to create file system for "gdrive:EliasHive-Drive-Sync": drive: failed when making oauth client: error opening service account credentials file: open /home/ec2-user/credentials/mirrorone-456514-bb12c443749a.json: no such file or directory
[2025-04-26 02:41:36] [Guardian] Checking system health...
[2025-04-26 02:44:24] [Guardian] Checking system health...
[2025-04-26 02:46:36] [Guardian] Checking system health...
[2025-04-26 02:49:24] [Guardian] Checking system health...
[2025-04-26 02:54:24] [Guardian] Checking system health...
[2025-04-26 02:59:24] [Guardian] Checking system health...
[2025-04-26 03:04:24] [Guardian] Checking system health...
[2025-04-26 03:09:24] [Guardian] Checking system health...
[2025-04-26 03:09:25] [IntelHarvester] Scraping GitHub trending...
[2025-04-26 03:14:24] [Guardian] Checking system health...
[2025-04-26 03:19:24] [Guardian] Checking system health...
[2025-04-26 03:24:24] [Guardian] Checking system health...
[2025-04-26 03:29:24] [Guardian] Checking system health...
[2025-04-26 03:34:24] [Guardian] Checking system health...
[2025-04-26 03:39:24] [MemoryCore] Saving knowledge...
[2025-04-26 03:39:24] [Guardian] Checking system health...
[2025-04-26 03:39:24] [DriveSync] Uploading to Google Drive...
2025/04/26 03:39:24 CRITICAL: Failed to create file system for "gdrive:EliasHive-Drive-Sync": drive: failed when making oauth client: error opening service account credentials file: open /home/ec2-user/credentials/mirrorone-456514-bb12c443749a.json: no such file or directory
[2025-04-26 03:39:25] [IntelHarvester] Scraping GitHub trending...
[2025-04-26 03:39:26] [GitHubSync] Syncing to GitHub...
[2025-04-26 03:44:24] [Guardian] Checking system health...
[2025-04-26 03:49:24] [Guardian] Checking system health...
[2025-04-26 03:54:24] [Guardian] Checking system health...
[2025-04-26 04:34:09] [MemoryCore] Saving knowledge...
[2025-04-26 04:34:09] [IntelHarvester] Scraping GitHub trending...
[2025-04-26 04:34:09] [GitHubSync] Syncing to GitHub...
[2025-04-26 04:34:09] [Guardian] Checking system health...
[2025-04-26 04:34:09] [DriveSync] Uploading to Google Drive...
2025/04/26 04:34:10 CRITICAL: Failed to create file system for "gdrive:EliasHive-Drive-Sync": drive: failed when making oauth client: error opening service account credentials file: open /home/ec2-user/credentials/mirrorone-456514-bb12c443749a.json: no such file or directory
[2025-04-26 04:39:09] [Guardian] Checking system health...
[2025-04-26 04:44:09] [Guardian] Checking system health...
[2025-04-26 04:49:09] [Guardian] Checking system health...
[2025-04-26 04:54:09] [Guardian] Checking system health...
[2025-04-26 04:59:09] [Guardian] Checking system health...
[2025-04-26 05:04:09] [Guardian] Checking system health...
[2025-04-26 05:04:10] [IntelHarvester] Scraping GitHub trending...
[2025-04-26 05:09:09] [Guardian] Checking system health...
[2025-04-26 05:14:09] [Guardian] Checking system health...
[2025-04-26 05:19:09] [Guardian] Checking system health...
[2025-04-26 05:24:09] [Guardian] Checking system health...
[2025-04-26 05:29:09] [Guardian] Checking system health...
[2025-04-26 05:34:09] [MemoryCore] Saving knowledge...
[2025-04-26 05:34:09] [Guardian] Checking system health...
[2025-04-26 05:34:10] [DriveSync] Uploading to Google Drive...
2025/04/26 05:34:10 CRITICAL: Failed to create file system for "gdrive:EliasHive-Drive-Sync": couldn't find root directory ID: Get "https://www.googleapis.com/drive/v3/files/root?alt=json&fields=id&prettyPrint=false&supportsAllDrives=true": private key should be a PEM or plain PKCS1 or PKCS8; parse error: asn1: structure error: tags don't match (16 vs {class:0 tag:13 length:67 isCompound:false}) {optional:false explicit:false application:false private:false defaultValue:<nil> tag:<nil> stringType:0 timeType:0 set:false omitEmpty:false} pkcs1PrivateKey @2
[2025-04-26 05:34:10] [GitHubSync] Syncing to GitHub...
[2025-04-26 05:34:11] [IntelHarvester] Scraping GitHub trending...
[2025-04-26 05:39:09] [Guardian] Checking system health...
[2025-04-26 05:44:09] [Guardian] Checking system health...
[2025-04-26 05:49:09] [Guardian] Checking system health...
[2025-04-26 05:54:09] [Guardian] Checking system health...
[2025-04-26 05:59:09] [Guardian] Checking system health...
[2025-04-26 06:04:09] [Guardian] Checking system health...
[2025-04-26 06:04:12] [IntelHarvester] Scraping GitHub trending...
[2025-04-26 06:09:09] [Guardian] Checking system health...
[2025-04-26 06:14:09] [Guardian] Checking system health...
[2025-04-26 06:19:09] [Guardian] Checking system health...
[2025-04-26 06:24:09] [Guardian] Checking system health...
[2025-04-26 06:29:09] [Guardian] Checking system health...
[2025-04-26 06:34:09] [MemoryCore] Saving knowledge...
[2025-04-26 06:34:09] [Guardian] Checking system health...
[2025-04-26 06:34:10] [DriveSync] Uploading to Google Drive...
2025/04/26 06:34:10 CRITICAL: Failed to create file system for "gdrive:EliasHive-Drive-Sync": couldn't find root directory ID: Get "https://www.googleapis.com/drive/v3/files/root?alt=json&fields=id&prettyPrint=false&supportsAllDrives=true": private key should be a PEM or plain PKCS1 or PKCS8; parse error: asn1: structure error: tags don't match (16 vs {class:0 tag:13 length:67 isCompound:false}) {optional:false explicit:false application:false private:false defaultValue:<nil> tag:<nil> stringType:0 timeType:0 set:false omitEmpty:false} pkcs1PrivateKey @2
[2025-04-26 06:34:11] [GitHubSync] Syncing to GitHub...
[2025-04-26 06:34:12] [IntelHarvester] Scraping GitHub trending...
[2025-04-26 06:39:09] [Guardian] Checking system health...
[2025-04-26 06:44:09] [Guardian] Checking system health...
[2025-04-26 06:49:09] [Guardian] Checking system health...
[2025-04-26 06:54:09] [Guardian] Checking system health...
[2025-04-26 06:59:09] [Guardian] Checking system health...
[2025-04-26 07:04:09] [Guardian] Checking system health...
[2025-04-26 07:04:13] [IntelHarvester] Scraping GitHub trending...
[2025-04-26 07:09:10] [Guardian] Checking system health...
[2025-04-26 07:14:10] [Guardian] Checking system health...
[2025-04-26 07:19:10] [Guardian] Checking system health...
[2025-04-26 07:24:10] [Guardian] Checking system health...
[2025-04-26 07:29:10] [Guardian] Checking system health...
[2025-04-26 07:34:09] [MemoryCore] Saving knowledge...
[2025-04-26 07:34:10] [Guardian] Checking system health...
[2025-04-26 07:34:10] [DriveSync] Uploading to Google Drive...
2025/04/26 07:34:10 CRITICAL: Failed to create file system for "gdrive:EliasHive-Drive-Sync": couldn't find root directory ID: Get "https://www.googleapis.com/drive/v3/files/root?alt=json&fields=id&prettyPrint=false&supportsAllDrives=true": private key should be a PEM or plain PKCS1 or PKCS8; parse error: asn1: structure error: tags don't match (16 vs {class:0 tag:13 length:67 isCompound:false}) {optional:false explicit:false application:false private:false defaultValue:<nil> tag:<nil> stringType:0 timeType:0 set:false omitEmpty:false} pkcs1PrivateKey @2
[2025-04-26 07:34:12] [GitHubSync] Syncing to GitHub...
[2025-04-26 07:34:14] [IntelHarvester] Scraping GitHub trending...
[2025-04-26 07:39:10] [Guardian] Checking system health...
[2025-04-26 07:44:10] [Guardian] Checking system health...
[2025-04-26 07:49:10] [Guardian] Checking system health...
[2025-04-26 07:54:10] [Guardian] Checking system health...
[2025-04-26 07:59:10] [Guardian] Checking system health...
[2025-04-26 08:04:10] [Guardian] Checking system health...
[2025-04-26 08:04:15] [IntelHarvester] Scraping GitHub trending...
[2025-04-26 08:09:10] [Guardian] Checking system health...
[2025-04-26 08:14:10] [Guardian] Checking system health...
[2025-04-26 08:19:10] [Guardian] Checking system health...
[2025-04-26 08:24:10] [Guardian] Checking system health...
[2025-04-26 08:29:10] [Guardian] Checking system health...
[2025-04-26 08:34:09] [MemoryCore] Saving knowledge...
[2025-04-26 08:34:10] [Guardian] Checking system health...
[2025-04-26 08:34:10] [DriveSync] Uploading to Google Drive...
2025/04/26 08:34:10 CRITICAL: Failed to create file system for "gdrive:EliasHive-Drive-Sync": couldn't find root directory ID: Get "https://www.googleapis.com/drive/v3/files/root?alt=json&fields=id&prettyPrint=false&supportsAllDrives=true": private key should be a PEM or plain PKCS1 or PKCS8; parse error: asn1: structure error: tags don't match (16 vs {class:0 tag:13 length:67 isCompound:false}) {optional:false explicit:false application:false private:false defaultValue:<nil> tag:<nil> stringType:0 timeType:0 set:false omitEmpty:false} pkcs1PrivateKey @2
[2025-04-26 08:34:13] [GitHubSync] Syncing to GitHub...
[2025-04-26 08:34:15] [IntelHarvester] Scraping GitHub trending...
[2025-04-26 08:39:10] [Guardian] Checking system health...
[2025-04-26 08:44:10] [Guardian] Checking system health...
[2025-04-26 08:49:10] [Guardian] Checking system health...
[2025-04-26 08:54:10] [Guardian] Checking system health...
[2025-04-26 08:59:10] [Guardian] Checking system health...
[2025-04-26 09:04:10] [Guardian] Checking system health...
[2025-04-26 09:04:16] [IntelHarvester] Scraping GitHub trending...
[2025-04-26 09:09:10] [Guardian] Checking system health...
[2025-04-26 09:14:10] [Guardian] Checking system health...
[2025-04-26 09:19:10] [Guardian] Checking system health...
[2025-04-26 09:24:10] [Guardian] Checking system health...
[2025-04-26 09:29:10] [Guardian] Checking system health...
[2025-04-26 09:34:09] [MemoryCore] Saving knowledge...
[2025-04-26 09:34:10] [Guardian] Checking system health...
[2025-04-26 09:34:10] [DriveSync] Uploading to Google Drive...
2025/04/26 09:34:10 CRITICAL: Failed to create file system for "gdrive:EliasHive-Drive-Sync": couldn't find root directory ID: Get "https://www.googleapis.com/drive/v3/files/root?alt=json&fields=id&prettyPrint=false&supportsAllDrives=true": private key should be a PEM or plain PKCS1 or PKCS8; parse error: asn1: structure error: tags don't match (16 vs {class:0 tag:13 length:67 isCompound:false}) {optional:false explicit:false application:false private:false defaultValue:<nil> tag:<nil> stringType:0 timeType:0 set:false omitEmpty:false} pkcs1PrivateKey @2
[2025-04-26 09:34:13] [GitHubSync] Syncing to GitHub...
[2025-04-26 09:34:17] [IntelHarvester] Scraping GitHub trending...
[2025-04-26 09:39:10] [Guardian] Checking system health...
[2025-04-26 09:44:10] [Guardian] Checking system health...
[2025-04-26 09:49:10] [Guardian] Checking system health...
[2025-04-26 09:54:10] [Guardian] Checking system health...
[2025-04-26 09:59:10] [Guardian] Checking system health...
[2025-04-26 10:04:10] [Guardian] Checking system health...
[2025-04-26 10:04:17] [IntelHarvester] Scraping GitHub trending...
[2025-04-26 10:09:10] [Guardian] Checking system health...
[2025-04-26 10:14:10] [Guardian] Checking system health...
[2025-04-26 10:19:10] [Guardian] Checking system health...
[2025-04-26 10:24:10] [Guardian] Checking system health...
[2025-04-26 10:29:10] [Guardian] Checking system health...
[2025-04-26 10:34:09] [MemoryCore] Saving knowledge...
[2025-04-26 10:34:10] [Guardian] Checking system health...
[2025-04-26 10:34:10] [DriveSync] Uploading to Google Drive...
2025/04/26 10:34:10 CRITICAL: Failed to create file system for "gdrive:EliasHive-Drive-Sync": couldn't find root directory ID: Get "https://www.googleapis.com/drive/v3/files/root?alt=json&fields=id&prettyPrint=false&supportsAllDrives=true": private key should be a PEM or plain PKCS1 or PKCS8; parse error: asn1: structure error: tags don't match (16 vs {class:0 tag:13 length:67 isCompound:false}) {optional:false explicit:false application:false private:false defaultValue:<nil> tag:<nil> stringType:0 timeType:0 set:false omitEmpty:false} pkcs1PrivateKey @2
[2025-04-26 10:34:14] [GitHubSync] Syncing to GitHub...
[2025-04-26 10:34:18] [IntelHarvester] Scraping GitHub trending...
[2025-04-26 10:39:10] [Guardian] Checking system health...
[2025-04-26 10:44:10] [Guardian] Checking system health...
[2025-04-26 10:49:10] [Guardian] Checking system health...
[2025-04-26 10:54:10] [Guardian] Checking system health...
[2025-04-26 10:59:10] [Guardian] Checking system health...
[2025-04-26 11:04:10] [Guardian] Checking system health...
[2025-04-26 11:04:19] [IntelHarvester] Scraping GitHub trending...
[2025-04-26 11:09:10] [Guardian] Checking system health...
[2025-04-26 11:14:10] [Guardian] Checking system health...
[2025-04-26 11:19:10] [Guardian] Checking system health...
[2025-04-26 11:24:10] [Guardian] Checking system health...
[2025-04-26 11:29:10] [Guardian] Checking system health...
[2025-04-26 11:34:10] [MemoryCore] Saving knowledge...
[2025-04-26 11:34:10] [Guardian] Checking system health...
[2025-04-26 11:34:10] [DriveSync] Uploading to Google Drive...
2025/04/26 11:34:10 CRITICAL: Failed to create file system for "gdrive:EliasHive-Drive-Sync": couldn't find root directory ID: Get "https://www.googleapis.com/drive/v3/files/root?alt=json&fields=id&prettyPrint=false&supportsAllDrives=true": private key should be a PEM or plain PKCS1 or PKCS8; parse error: asn1: structure error: tags don't match (16 vs {class:0 tag:13 length:67 isCompound:false}) {optional:false explicit:false application:false private:false defaultValue:<nil> tag:<nil> stringType:0 timeType:0 set:false omitEmpty:false} pkcs1PrivateKey @2
[2025-04-26 11:34:15] [GitHubSync] Syncing to GitHub...
[2025-04-26 11:34:19] [IntelHarvester] Scraping GitHub trending...
[2025-04-26 11:39:10] [Guardian] Checking system health...
[2025-04-26 11:44:10] [Guardian] Checking system health...
[2025-04-26 11:49:10] [Guardian] Checking system health...
[2025-04-26 11:54:10] [Guardian] Checking system health...
[2025-04-26 11:59:10] [Guardian] Checking system health...
[2025-04-26 12:04:10] [Guardian] Checking system health...
[2025-04-26 12:04:20] [IntelHarvester] Scraping GitHub trending...
[2025-04-26 12:09:10] [Guardian] Checking system health...
[2025-04-26 12:14:10] [Guardian] Checking system health...
[2025-04-26 12:19:10] [Guardian] Checking system health...
[2025-04-26 12:24:10] [Guardian] Checking system health...
[2025-04-26 12:29:10] [Guardian] Checking system health...
[2025-04-26 12:34:10] [MemoryCore] Saving knowledge...
[2025-04-26 12:34:10] [Guardian] Checking system health...
[2025-04-26 12:34:10] [DriveSync] Uploading to Google Drive...
2025/04/26 12:34:11 CRITICAL: Failed to create file system for "gdrive:EliasHive-Drive-Sync": couldn't find root directory ID: Get "https://www.googleapis.com/drive/v3/files/root?alt=json&fields=id&prettyPrint=false&supportsAllDrives=true": private key should be a PEM or plain PKCS1 or PKCS8; parse error: asn1: structure error: tags don't match (16 vs {class:0 tag:13 length:67 isCompound:false}) {optional:false explicit:false application:false private:false defaultValue:<nil> tag:<nil> stringType:0 timeType:0 set:false omitEmpty:false} pkcs1PrivateKey @2
[2025-04-26 12:34:15] [GitHubSync] Syncing to GitHub...
[2025-04-26 12:34:21] [IntelHarvester] Scraping GitHub trending...
[2025-04-26 12:39:10] [Guardian] Checking system health...
[2025-04-26 12:44:10] [Guardian] Checking system health...
[2025-04-26 12:49:10] [Guardian] Checking system health...
[2025-04-26 12:54:10] [Guardian] Checking system health...
[2025-04-26 12:59:10] [Guardian] Checking system health...
[2025-04-26 13:04:10] [Guardian] Checking system health...
[2025-04-26 13:04:22] [IntelHarvester] Scraping GitHub trending...
[2025-04-26 13:09:10] [Guardian] Checking system health...
[2025-04-26 13:14:10] [Guardian] Checking system health...
[2025-04-26 13:19:10] [Guardian] Checking system health...
[2025-04-26 13:24:10] [Guardian] Checking system health...
[2025-04-26 13:29:10] [Guardian] Checking system health...
[2025-04-26 13:34:10] [MemoryCore] Saving knowledge...
[2025-04-26 13:34:10] [Guardian] Checking system health...
[2025-04-26 13:34:11] [DriveSync] Uploading to Google Drive...
2025/04/26 13:34:11 CRITICAL: Failed to create file system for "gdrive:EliasHive-Drive-Sync": couldn't find root directory ID: Get "https://www.googleapis.com/drive/v3/files/root?alt=json&fields=id&prettyPrint=false&supportsAllDrives=true": private key should be a PEM or plain PKCS1 or PKCS8; parse error: asn1: structure error: tags don't match (16 vs {class:0 tag:13 length:67 isCompound:false}) {optional:false explicit:false application:false private:false defaultValue:<nil> tag:<nil> stringType:0 timeType:0 set:false omitEmpty:false} pkcs1PrivateKey @2
[2025-04-26 13:34:16] [GitHubSync] Syncing to GitHub...
[2025-04-26 13:34:22] [IntelHarvester] Scraping GitHub trending...
[2025-04-26 13:39:10] [Guardian] Checking system health...
[2025-04-26 13:44:10] [Guardian] Checking system health...
[2025-04-26 13:49:10] [Guardian] Checking system health...
[2025-04-26 13:54:10] [Guardian] Checking system health...
[2025-04-26 13:59:10] [Guardian] Checking system health...
[2025-04-26 14:04:10] [Guardian] Checking system health...
[2025-04-26 14:04:23] [IntelHarvester] Scraping GitHub trending...
[2025-04-26 14:09:10] [Guardian] Checking system health...
[2025-04-26 14:14:10] [Guardian] Checking system health...
[2025-04-26 14:19:10] [Guardian] Checking system health...
[2025-04-26 14:24:10] [Guardian] Checking system health...
[2025-04-26 14:29:10] [Guardian] Checking system health...
[2025-04-26 14:34:10] [MemoryCore] Saving knowledge...
[2025-04-26 14:34:10] [Guardian] Checking system health...
[2025-04-26 14:34:11] [DriveSync] Uploading to Google Drive...
2025/04/26 14:34:11 CRITICAL: Failed to create file system for "gdrive:EliasHive-Drive-Sync": couldn't find root directory ID: Get "https://www.googleapis.com/drive/v3/files/root?alt=json&fields=id&prettyPrint=false&supportsAllDrives=true": private key should be a PEM or plain PKCS1 or PKCS8; parse error: asn1: structure error: tags don't match (16 vs {class:0 tag:13 length:67 isCompound:false}) {optional:false explicit:false application:false private:false defaultValue:<nil> tag:<nil> stringType:0 timeType:0 set:false omitEmpty:false} pkcs1PrivateKey @2
[2025-04-26 14:34:17] [GitHubSync] Syncing to GitHub...
[2025-04-26 14:34:24] [IntelHarvester] Scraping GitHub trending...
[2025-04-26 14:39:10] [Guardian] Checking system health...
[2025-04-26 14:44:10] [Guardian] Checking system health...
[2025-04-26 14:49:10] [Guardian] Checking system health...
[2025-04-26 14:54:10] [Guardian] Checking system health...
[2025-04-26 14:59:10] [Guardian] Checking system health...
[2025-04-26 15:04:10] [Guardian] Checking system health...
[2025-04-26 15:04:25] [IntelHarvester] Scraping GitHub trending...
[2025-04-26 15:09:10] [Guardian] Checking system health...
[2025-04-26 15:14:10] [Guardian] Checking system health...
[2025-04-26 15:19:10] [Guardian] Checking system health...
[2025-04-26 15:24:10] [Guardian] Checking system health...
[2025-04-26 15:29:10] [Guardian] Checking system health...
[2025-04-26 15:34:10] [MemoryCore] Saving knowledge...
[2025-04-26 15:34:10] [Guardian] Checking system health...
[2025-04-26 15:34:11] [DriveSync] Uploading to Google Drive...
2025/04/26 15:34:11 CRITICAL: Failed to create file system for "gdrive:EliasHive-Drive-Sync": couldn't find root directory ID: Get "https://www.googleapis.com/drive/v3/files/root?alt=json&fields=id&prettyPrint=false&supportsAllDrives=true": private key should be a PEM or plain PKCS1 or PKCS8; parse error: asn1: structure error: tags don't match (16 vs {class:0 tag:13 length:67 isCompound:false}) {optional:false explicit:false application:false private:false defaultValue:<nil> tag:<nil> stringType:0 timeType:0 set:false omitEmpty:false} pkcs1PrivateKey @2
[2025-04-26 15:34:18] [GitHubSync] Syncing to GitHub...
[2025-04-26 15:34:25] [IntelHarvester] Scraping GitHub trending...
[2025-04-26 15:39:10] [Guardian] Checking system health...
[2025-04-26 15:44:10] [Guardian] Checking system health...
[2025-04-26 15:49:10] [Guardian] Checking system health...
[2025-04-26 15:54:10] [Guardian] Checking system health...
[2025-04-26 15:59:10] [Guardian] Checking system health...
[2025-04-26 16:04:10] [Guardian] Checking system health...
[2025-04-26 16:04:26] [IntelHarvester] Scraping GitHub trending...
[2025-04-26 16:09:10] [Guardian] Checking system health...
[2025-04-26 16:14:10] [Guardian] Checking system health...
[2025-04-26 16:19:10] [Guardian] Checking system health...
[2025-04-26 16:24:10] [Guardian] Checking system health...
[2025-04-26 16:29:10] [Guardian] Checking system health...
[2025-04-26 16:34:10] [MemoryCore] Saving knowledge...
[2025-04-26 16:34:10] [Guardian] Checking system health...
[2025-04-26 16:34:11] [DriveSync] Uploading to Google Drive...
2025/04/26 16:34:11 CRITICAL: Failed to create file system for "gdrive:EliasHive-Drive-Sync": couldn't find root directory ID: Get "https://www.googleapis.com/drive/v3/files/root?alt=json&fields=id&prettyPrint=false&supportsAllDrives=true": private key should be a PEM or plain PKCS1 or PKCS8; parse error: asn1: structure error: tags don't match (16 vs {class:0 tag:13 length:67 isCompound:false}) {optional:false explicit:false application:false private:false defaultValue:<nil> tag:<nil> stringType:0 timeType:0 set:false omitEmpty:false} pkcs1PrivateKey @2
[2025-04-26 16:34:18] [GitHubSync] Syncing to GitHub...
[2025-04-26 16:34:27] [IntelHarvester] Scraping GitHub trending...
[2025-04-26 16:39:10] [Guardian] Checking system health...
[2025-04-26 16:44:10] [Guardian] Checking system health...
[2025-04-26 16:49:10] [Guardian] Checking system health...
[2025-04-26 16:54:10] [Guardian] Checking system health...
[2025-04-26 16:59:10] [Guardian] Checking system health...
[2025-04-26 17:04:10] [Guardian] Checking system health...
[2025-04-26 17:04:27] [IntelHarvester] Scraping GitHub trending...
[2025-04-26 17:09:10] [Guardian] Checking system health...
[2025-04-26 17:14:10] [Guardian] Checking system health...
[2025-04-26 17:19:10] [Guardian] Checking system health...
[2025-04-26 17:24:10] [Guardian] Checking system health...
[2025-04-26 17:29:10] [Guardian] Checking system health...
[2025-04-26 17:34:10] [MemoryCore] Saving knowledge...
[2025-04-26 17:34:10] [Guardian] Checking system health...
[2025-04-26 17:34:11] [DriveSync] Uploading to Google Drive...
2025/04/26 17:34:11 CRITICAL: Failed to create file system for "gdrive:EliasHive-Drive-Sync": couldn't find root directory ID: Get "https://www.googleapis.com/drive/v3/files/root?alt=json&fields=id&prettyPrint=false&supportsAllDrives=true": private key should be a PEM or plain PKCS1 or PKCS8; parse error: asn1: structure error: tags don't match (16 vs {class:0 tag:13 length:67 isCompound:false}) {optional:false explicit:false application:false private:false defaultValue:<nil> tag:<nil> stringType:0 timeType:0 set:false omitEmpty:false} pkcs1PrivateKey @2
[2025-04-26 17:34:19] [GitHubSync] Syncing to GitHub...
[2025-04-26 17:34:28] [IntelHarvester] Scraping GitHub trending...
[2025-04-26 17:39:10] [Guardian] Checking system health...
[2025-04-26 17:44:10] [Guardian] Checking system health...
[2025-04-26 17:49:10] [Guardian] Checking system health...
[2025-04-26 17:54:10] [Guardian] Checking system health...
[2025-04-26 17:59:10] [Guardian] Checking system health...
[2025-04-26 18:04:10] [Guardian] Checking system health...
[2025-04-26 18:04:29] [IntelHarvester] Scraping GitHub trending...
[2025-04-26 18:09:10] [Guardian] Checking system health...
[2025-04-26 18:14:10] [Guardian] Checking system health...
[2025-04-26 18:19:10] [Guardian] Checking system health...
[2025-04-26 18:24:10] [Guardian] Checking system health...
[2025-04-26 18:29:10] [Guardian] Checking system health...
[2025-04-26 18:34:10] [MemoryCore] Saving knowledge...
[2025-04-26 18:34:10] [Guardian] Checking system health...
[2025-04-26 18:34:11] [DriveSync] Uploading to Google Drive...
2025/04/26 18:34:12 CRITICAL: Failed to create file system for "gdrive:EliasHive-Drive-Sync": couldn't find root directory ID: Get "https://www.googleapis.com/drive/v3/files/root?alt=json&fields=id&prettyPrint=false&supportsAllDrives=true": private key should be a PEM or plain PKCS1 or PKCS8; parse error: asn1: structure error: tags don't match (16 vs {class:0 tag:13 length:67 isCompound:false}) {optional:false explicit:false application:false private:false defaultValue:<nil> tag:<nil> stringType:0 timeType:0 set:false omitEmpty:false} pkcs1PrivateKey @2
[2025-04-26 18:34:20] [GitHubSync] Syncing to GitHub...
[2025-04-26 18:34:29] [IntelHarvester] Scraping GitHub trending...
[2025-04-26 18:39:10] [Guardian] Checking system health...
[2025-04-26 18:44:10] [Guardian] Checking system health...
[2025-04-26 18:49:10] [Guardian] Checking system health...
[2025-04-26 18:54:10] [Guardian] Checking system health...
[2025-04-26 18:59:10] [Guardian] Checking system health...
[2025-04-26 19:04:10] [Guardian] Checking system health...
[2025-04-26 19:04:30] [IntelHarvester] Scraping GitHub trending...
[2025-04-26 19:09:10] [Guardian] Checking system health...
[2025-04-26 19:14:10] [Guardian] Checking system health...
[2025-04-26 19:19:10] [Guardian] Checking system health...
[2025-04-26 19:24:10] [Guardian] Checking system health...
[2025-04-26 19:29:10] [Guardian] Checking system health...
[2025-04-26 19:34:10] [MemoryCore] Saving knowledge...
[2025-04-26 19:34:10] [Guardian] Checking system health...
[2025-04-26 19:34:12] [DriveSync] Uploading to Google Drive...
2025/04/26 19:34:12 CRITICAL: Failed to create file system for "gdrive:EliasHive-Drive-Sync": couldn't find root directory ID: Get "https://www.googleapis.com/drive/v3/files/root?alt=json&fields=id&prettyPrint=false&supportsAllDrives=true": private key should be a PEM or plain PKCS1 or PKCS8; parse error: asn1: structure error: tags don't match (16 vs {class:0 tag:13 length:67 isCompound:false}) {optional:false explicit:false application:false private:false defaultValue:<nil> tag:<nil> stringType:0 timeType:0 set:false omitEmpty:false} pkcs1PrivateKey @2
[2025-04-26 19:34:21] [GitHubSync] Syncing to GitHub...
[2025-04-26 19:34:31] [IntelHarvester] Scraping GitHub trending...
[2025-04-26 19:39:10] [Guardian] Checking system health...
[2025-04-26 19:44:10] [Guardian] Checking system health...
[2025-04-26 19:49:10] [Guardian] Checking system health...
[2025-04-26 19:54:10] [Guardian] Checking system health...
[2025-04-26 19:59:10] [Guardian] Checking system health...
[2025-04-26 20:04:10] [Guardian] Checking system health...
[2025-04-26 20:04:31] [IntelHarvester] Scraping GitHub trending...
[2025-04-26 20:09:10] [Guardian] Checking system health...
[2025-04-26 20:14:10] [Guardian] Checking system health...
[2025-04-26 20:19:10] [Guardian] Checking system health...
[2025-04-26 20:24:10] [Guardian] Checking system health...
[2025-04-26 20:29:10] [Guardian] Checking system health...
[2025-04-26 20:34:10] [MemoryCore] Saving knowledge...
[2025-04-26 20:34:10] [Guardian] Checking system health...
[2025-04-26 20:34:12] [DriveSync] Uploading to Google Drive...
2025/04/26 20:34:12 CRITICAL: Failed to create file system for "gdrive:EliasHive-Drive-Sync": couldn't find root directory ID: Get "https://www.googleapis.com/drive/v3/files/root?alt=json&fields=id&prettyPrint=false&supportsAllDrives=true": private key should be a PEM or plain PKCS1 or PKCS8; parse error: asn1: structure error: tags don't match (16 vs {class:0 tag:13 length:67 isCompound:false}) {optional:false explicit:false application:false private:false defaultValue:<nil> tag:<nil> stringType:0 timeType:0 set:false omitEmpty:false} pkcs1PrivateKey @2
[2025-04-26 20:34:22] [GitHubSync] Syncing to GitHub...
[2025-04-26 20:34:32] [IntelHarvester] Scraping GitHub trending...
[2025-04-26 20:39:10] [Guardian] Checking system health...
[2025-04-26 20:44:10] [Guardian] Checking system health...
[2025-04-26 20:49:10] [Guardian] Checking system health...
[2025-04-26 20:54:10] [Guardian] Checking system health...
[2025-04-26 20:59:10] [Guardian] Checking system health...
[2025-04-26 21:04:10] [Guardian] Checking system health...
[2025-04-26 21:04:33] [IntelHarvester] Scraping GitHub trending...
[2025-04-26 21:09:10] [Guardian] Checking system health...
[2025-04-26 21:14:10] [Guardian] Checking system health...
[2025-04-26 21:19:10] [Guardian] Checking system health...
[2025-04-26 21:24:10] [Guardian] Checking system health...
[2025-04-26 21:29:10] [Guardian] Checking system health...
[2025-04-26 21:34:10] [MemoryCore] Saving knowledge...
[2025-04-26 21:34:10] [Guardian] Checking system health...
[2025-04-26 21:34:12] [DriveSync] Uploading to Google Drive...
2025/04/26 21:34:12 CRITICAL: Failed to create file system for "gdrive:EliasHive-Drive-Sync": couldn't find root directory ID: Get "https://www.googleapis.com/drive/v3/files/root?alt=json&fields=id&prettyPrint=false&supportsAllDrives=true": private key should be a PEM or plain PKCS1 or PKCS8; parse error: asn1: structure error: tags don't match (16 vs {class:0 tag:13 length:67 isCompound:false}) {optional:false explicit:false application:false private:false defaultValue:<nil> tag:<nil> stringType:0 timeType:0 set:false omitEmpty:false} pkcs1PrivateKey @2
[2025-04-26 21:34:23] [GitHubSync] Syncing to GitHub...
[2025-04-26 21:34:34] [IntelHarvester] Scraping GitHub trending...
[2025-04-26 21:39:10] [Guardian] Checking system health...
[2025-04-26 21:44:10] [Guardian] Checking system health...
[2025-04-26 21:49:10] [Guardian] Checking system health...
[2025-04-26 21:54:10] [Guardian] Checking system health...
[2025-04-26 21:59:10] [Guardian] Checking system health...
[2025-04-26 22:04:10] [Guardian] Checking system health...
[2025-04-26 22:04:34] [IntelHarvester] Scraping GitHub trending...
[2025-04-26 22:09:10] [Guardian] Checking system health...
[2025-04-26 22:14:10] [Guardian] Checking system health...
[2025-04-26 22:19:10] [Guardian] Checking system health...
[2025-04-26 22:24:10] [Guardian] Checking system health...
[2025-04-26 22:29:10] [Guardian] Checking system health...
[2025-04-26 22:34:10] [MemoryCore] Saving knowledge...
[2025-04-26 22:34:10] [Guardian] Checking system health...
[2025-04-26 22:34:12] [DriveSync] Uploading to Google Drive...
2025/04/26 22:34:13 CRITICAL: Failed to create file system for "gdrive:EliasHive-Drive-Sync": couldn't find root directory ID: Get "https://www.googleapis.com/drive/v3/files/root?alt=json&fields=id&prettyPrint=false&supportsAllDrives=true": private key should be a PEM or plain PKCS1 or PKCS8; parse error: asn1: structure error: tags don't match (16 vs {class:0 tag:13 length:67 isCompound:false}) {optional:false explicit:false application:false private:false defaultValue:<nil> tag:<nil> stringType:0 timeType:0 set:false omitEmpty:false} pkcs1PrivateKey @2
[2025-04-26 22:34:24] [GitHubSync] Syncing to GitHub...
[2025-04-26 22:34:35] [IntelHarvester] Scraping GitHub trending...
[2025-04-26 22:39:10] [Guardian] Checking system health...
[2025-04-26 22:44:10] [Guardian] Checking system health...
[2025-04-26 22:49:10] [Guardian] Checking system health...
[2025-04-26 22:54:10] [Guardian] Checking system health...
[2025-04-26 22:59:10] [Guardian] Checking system health...
[2025-04-26 23:04:10] [Guardian] Checking system health...
[2025-04-26 23:04:36] [IntelHarvester] Scraping GitHub trending...
[2025-04-26 23:09:10] [Guardian] Checking system health...
[2025-04-26 23:14:10] [Guardian] Checking system health...
[2025-04-26 23:19:10] [Guardian] Checking system health...
[2025-04-26 23:24:10] [Guardian] Checking system health...
[2025-04-26 23:29:10] [Guardian] Checking system health...
[2025-04-26 23:34:10] [Guardian] Checking system health...
[2025-04-26 23:34:10] [MemoryCore] Saving knowledge...
[2025-04-26 23:34:13] [DriveSync] Uploading to Google Drive...
2025/04/26 23:34:14 CRITICAL: Failed to create file system for "gdrive:EliasHive-Drive-Sync": couldn't find root directory ID: Get "https://www.googleapis.com/drive/v3/files/root?alt=json&fields=id&prettyPrint=false&supportsAllDrives=true": private key should be a PEM or plain PKCS1 or PKCS8; parse error: asn1: structure error: tags don't match (16 vs {class:0 tag:13 length:67 isCompound:false}) {optional:false explicit:false application:false private:false defaultValue:<nil> tag:<nil> stringType:0 timeType:0 set:false omitEmpty:false} pkcs1PrivateKey @2
[2025-04-26 23:34:25] [GitHubSync] Syncing to GitHub...
[2025-04-26 23:34:37] [IntelHarvester] Scraping GitHub trending...
[2025-04-26 23:39:10] [Guardian] Checking system health...
[2025-04-26 23:44:10] [Guardian] Checking system health...
[2025-04-26 23:49:10] [Guardian] Checking system health...
[2025-04-26 23:54:10] [Guardian] Checking system health...
[2025-04-26 23:59:10] [Guardian] Checking system health...
[2025-04-27 00:04:10] [Guardian] Checking system health...
[2025-04-27 00:04:37] [IntelHarvester] Scraping GitHub trending...
[2025-04-27 00:09:10] [Guardian] Checking system health...
[2025-04-27 00:14:10] [Guardian] Checking system health...
[2025-04-27 00:19:10] [Guardian] Checking system health...
[2025-04-27 00:24:10] [Guardian] Checking system health...
[2025-04-27 00:29:10] [Guardian] Checking system health...
[2025-04-27 00:34:10] [Guardian] Checking system health...
[2025-04-27 00:34:10] [MemoryCore] Saving knowledge...
[2025-04-27 00:34:14] [DriveSync] Uploading to Google Drive...
2025/04/27 00:34:14 CRITICAL: Failed to create file system for "gdrive:EliasHive-Drive-Sync": couldn't find root directory ID: Get "https://www.googleapis.com/drive/v3/files/root?alt=json&fields=id&prettyPrint=false&supportsAllDrives=true": private key should be a PEM or plain PKCS1 or PKCS8; parse error: asn1: structure error: tags don't match (16 vs {class:0 tag:13 length:67 isCompound:false}) {optional:false explicit:false application:false private:false defaultValue:<nil> tag:<nil> stringType:0 timeType:0 set:false omitEmpty:false} pkcs1PrivateKey @2
[2025-04-27 00:34:27] [GitHubSync] Syncing to GitHub...
[2025-04-27 00:34:38] [IntelHarvester] Scraping GitHub trending...
[2025-04-27 00:39:10] [Guardian] Checking system health...
[2025-04-27 00:44:10] [Guardian] Checking system health...
[2025-04-27 00:49:10] [Guardian] Checking system health...
[2025-04-27 00:54:10] [Guardian] Checking system health...
[2025-04-27 00:59:10] [Guardian] Checking system health...
[2025-04-27 01:04:10] [Guardian] Checking system health...
[2025-04-27 01:04:39] [IntelHarvester] Scraping GitHub trending...
[2025-04-27 01:09:10] [Guardian] Checking system health...
[2025-04-27 01:14:10] [Guardian] Checking system health...
[2025-04-27 01:19:10] [Guardian] Checking system health...
[2025-04-27 01:24:10] [Guardian] Checking system health...
[2025-04-27 01:29:10] [Guardian] Checking system health...
[2025-04-27 01:34:10] [Guardian] Checking system health...
[2025-04-27 01:34:10] [MemoryCore] Saving knowledge...
[2025-04-27 01:34:14] [DriveSync] Uploading to Google Drive...
2025/04/27 01:34:15 CRITICAL: Failed to create file system for "gdrive:EliasHive-Drive-Sync": couldn't find root directory ID: Get "https://www.googleapis.com/drive/v3/files/root?alt=json&fields=id&prettyPrint=false&supportsAllDrives=true": private key should be a PEM or plain PKCS1 or PKCS8; parse error: asn1: structure error: tags don't match (16 vs {class:0 tag:13 length:67 isCompound:false}) {optional:false explicit:false application:false private:false defaultValue:<nil> tag:<nil> stringType:0 timeType:0 set:false omitEmpty:false} pkcs1PrivateKey @2
[2025-04-27 01:34:28] [GitHubSync] Syncing to GitHub...
[2025-04-27 01:34:39] [IntelHarvester] Scraping GitHub trending...
[2025-04-27 01:39:10] [Guardian] Checking system health...
[2025-04-27 01:44:10] [Guardian] Checking system health...
[2025-04-27 01:49:10] [Guardian] Checking system health...
[2025-04-27 01:54:10] [Guardian] Checking system health...
[2025-04-27 01:59:10] [Guardian] Checking system health...
[2025-04-27 02:04:10] [Guardian] Checking system health...
[2025-04-27 02:04:40] [IntelHarvester] Scraping GitHub trending...
[2025-04-27 02:09:10] [Guardian] Checking system health...
[2025-04-27 02:14:10] [Guardian] Checking system health...
[2025-04-27 02:19:10] [Guardian] Checking system health...
[2025-04-27 02:24:10] [Guardian] Checking system health...
[2025-04-27 02:29:10] [Guardian] Checking system health...
[2025-04-27 02:34:10] [Guardian] Checking system health...
[2025-04-27 02:34:10] [MemoryCore] Saving knowledge...
[2025-04-27 02:34:15] [DriveSync] Uploading to Google Drive...
2025/04/27 02:34:16 CRITICAL: Failed to create file system for "gdrive:EliasHive-Drive-Sync": couldn't find root directory ID: Get "https://www.googleapis.com/drive/v3/files/root?alt=json&fields=id&prettyPrint=false&supportsAllDrives=true": private key should be a PEM or plain PKCS1 or PKCS8; parse error: asn1: structure error: tags don't match (16 vs {class:0 tag:13 length:67 isCompound:false}) {optional:false explicit:false application:false private:false defaultValue:<nil> tag:<nil> stringType:0 timeType:0 set:false omitEmpty:false} pkcs1PrivateKey @2
[2025-04-27 02:34:29] [GitHubSync] Syncing to GitHub...
[2025-04-27 02:34:41] [IntelHarvester] Scraping GitHub trending...
[2025-04-27 02:39:10] [Guardian] Checking system health...
[2025-04-27 02:44:10] [Guardian] Checking system health...
[2025-04-27 02:49:10] [Guardian] Checking system health...
[2025-04-27 02:54:10] [Guardian] Checking system health...
[2025-04-27 02:59:10] [Guardian] Checking system health...
[2025-04-27 03:04:10] [Guardian] Checking system health...
[2025-04-27 03:04:41] [IntelHarvester] Scraping GitHub trending...
[2025-04-27 03:09:10] [Guardian] Checking system health...
[2025-04-27 03:14:10] [Guardian] Checking system health...
[2025-04-27 03:19:10] [Guardian] Checking system health...
[2025-04-27 03:24:10] [Guardian] Checking system health...
[2025-04-27 03:29:10] [Guardian] Checking system health...
[2025-04-27 03:34:10] [Guardian] Checking system health...
[2025-04-27 03:34:11] [MemoryCore] Saving knowledge...
[2025-04-27 03:34:16] [DriveSync] Uploading to Google Drive...
2025/04/27 03:34:16 CRITICAL: Failed to create file system for "gdrive:EliasHive-Drive-Sync": couldn't find root directory ID: Get "https://www.googleapis.com/drive/v3/files/root?alt=json&fields=id&prettyPrint=false&supportsAllDrives=true": private key should be a PEM or plain PKCS1 or PKCS8; parse error: asn1: structure error: tags don't match (16 vs {class:0 tag:13 length:67 isCompound:false}) {optional:false explicit:false application:false private:false defaultValue:<nil> tag:<nil> stringType:0 timeType:0 set:false omitEmpty:false} pkcs1PrivateKey @2
[2025-04-27 03:34:30] [GitHubSync] Syncing to GitHub...
[2025-04-27 03:34:42] [IntelHarvester] Scraping GitHub trending...
[2025-04-27 03:39:10] [Guardian] Checking system health...
[2025-04-27 03:44:10] [Guardian] Checking system health...
[2025-04-27 03:49:10] [Guardian] Checking system health...
[2025-04-27 03:54:10] [Guardian] Checking system health...
[2025-04-27 03:59:10] [Guardian] Checking system health...
[2025-04-27 04:04:10] [Guardian] Checking system health...
[2025-04-27 04:04:43] [IntelHarvester] Scraping GitHub trending...
[2025-04-27 04:09:10] [Guardian] Checking system health...
[2025-04-27 04:14:10] [Guardian] Checking system health...
[2025-04-27 04:19:10] [Guardian] Checking system health...
[2025-04-27 04:24:10] [Guardian] Checking system health...
[2025-04-27 04:29:10] [Guardian] Checking system health...
[2025-04-27 04:34:10] [Guardian] Checking system health...
[2025-04-27 04:34:11] [MemoryCore] Saving knowledge...
[2025-04-27 04:34:16] [DriveSync] Uploading to Google Drive...
2025/04/27 04:34:17 CRITICAL: Failed to create file system for "gdrive:EliasHive-Drive-Sync": couldn't find root directory ID: Get "https://www.googleapis.com/drive/v3/files/root?alt=json&fields=id&prettyPrint=false&supportsAllDrives=true": private key should be a PEM or plain PKCS1 or PKCS8; parse error: asn1: structure error: tags don't match (16 vs {class:0 tag:13 length:67 isCompound:false}) {optional:false explicit:false application:false private:false defaultValue:<nil> tag:<nil> stringType:0 timeType:0 set:false omitEmpty:false} pkcs1PrivateKey @2
[2025-04-27 04:34:32] [GitHubSync] Syncing to GitHub...
[2025-04-27 04:34:43] [IntelHarvester] Scraping GitHub trending...
[2025-04-27 04:39:10] [Guardian] Checking system health...
[2025-04-27 04:44:10] [Guardian] Checking system health...
[2025-04-27 04:49:10] [Guardian] Checking system health...
[2025-04-27 04:54:10] [Guardian] Checking system health...
[2025-04-27 04:59:10] [Guardian] Checking system health...
[2025-04-27 05:04:10] [Guardian] Checking system health...
[2025-04-27 05:04:44] [IntelHarvester] Scraping GitHub trending...
[2025-04-27 05:09:10] [Guardian] Checking system health...
[2025-04-27 05:14:10] [Guardian] Checking system health...
[2025-04-27 05:19:10] [Guardian] Checking system health...
[2025-04-27 05:24:10] [Guardian] Checking system health...
[2025-04-27 05:29:10] [Guardian] Checking system health...
[2025-04-27 05:34:10] [Guardian] Checking system health...
[2025-04-27 05:34:11] [MemoryCore] Saving knowledge...
[2025-04-27 05:34:17] [DriveSync] Uploading to Google Drive...
2025/04/27 05:34:18 CRITICAL: Failed to create file system for "gdrive:EliasHive-Drive-Sync": couldn't find root directory ID: Get "https://www.googleapis.com/drive/v3/files/root?alt=json&fields=id&prettyPrint=false&supportsAllDrives=true": private key should be a PEM or plain PKCS1 or PKCS8; parse error: asn1: structure error: tags don't match (16 vs {class:0 tag:13 length:67 isCompound:false}) {optional:false explicit:false application:false private:false defaultValue:<nil> tag:<nil> stringType:0 timeType:0 set:false omitEmpty:false} pkcs1PrivateKey @2
[2025-04-27 05:34:33] [GitHubSync] Syncing to GitHub...
