🔎 [0/10] Checking for root privileges...
🚀 [1/10] Installing system dependencies...
Reading package lists...
Building dependency tree...
Reading state information...
python3 is already the newest version (3.12.3-0ubuntu2).
python3-venv is already the newest version (3.12.3-0ubuntu2).
python3-pip is already the newest version (24.0+dfsg-1ubuntu1.1).
lsof is already the newest version (4.95.0-1build3).
lsof set to manually installed.
0 upgraded, 0 newly installed, 0 to remove and 1 not upgraded.
📁 [2/10] Creating necessary directories...
🐍 [3/10] Setting up Python virtual environment...
📦 [4/10] Installing Flask, Requests, Gunicorn in venv...
Requirement already satisfied: pip in /opt/nova-venv/lib/python3.12/site-packages (25.1.1)
Requirement already satisfied: flask in /opt/nova-venv/lib/python3.12/site-packages (3.1.1)
Requirement already satisfied: requests in /opt/nova-venv/lib/python3.12/site-packages (2.32.4)
Requirement already satisfied: gunicorn in /opt/nova-venv/lib/python3.12/site-packages (23.0.0)
Requirement already satisfied: blinker>=1.9.0 in /opt/nova-venv/lib/python3.12/site-packages (from flask) (1.9.0)
Requirement already satisfied: click>=8.1.3 in /opt/nova-venv/lib/python3.12/site-packages (from flask) (8.2.1)
Requirement already satisfied: itsdangerous>=2.2.0 in /opt/nova-venv/lib/python3.12/site-packages (from flask) (2.2.0)
Requirement already satisfied: jinja2>=3.1.2 in /opt/nova-venv/lib/python3.12/site-packages (from flask) (3.1.6)
Requirement already satisfied: markupsafe>=2.1.1 in /opt/nova-venv/lib/python3.12/site-packages (from flask) (3.0.2)
Requirement already satisfied: werkzeug>=3.1.0 in /opt/nova-venv/lib/python3.12/site-packages (from flask) (3.1.3)
Requirement already satisfied: charset_normalizer<4,>=2 in /opt/nova-venv/lib/python3.12/site-packages (from requests) (3.4.2)
Requirement already satisfied: idna<4,>=2.5 in /opt/nova-venv/lib/python3.12/site-packages (from requests) (3.10)
Requirement already satisfied: urllib3<3,>=1.21.1 in /opt/nova-venv/lib/python3.12/site-packages (from requests) (2.4.0)
Requirement already satisfied: certifi>=2017.4.17 in /opt/nova-venv/lib/python3.12/site-packages (from requests) (2025.4.26)
Requirement already satisfied: packaging in /opt/nova-venv/lib/python3.12/site-packages (from gunicorn) (25.0)
📝 [5/10] Writing Flask app and dashboard template...
🛑 [6/10] Killing any process using port 5050 (flask/gunicorn)...
🛠️ [7/10] Creating systemd service for Gunicorn...
🔄 [8/10] Reloading systemd and starting nova-ui service...
🧪 [9/10] Validating deployment...
✅ [10/10] Nova UI is deployed and running!
   Access it at: http://31.97.135.100:5050
   To check logs: journalctl -u nova-ui -f
   Deployment log: /opt/guardian/logs/deploy_nova_ui.log
[?2004h(nova-venv) ]0;root@srv853601: ~root@srv853601:~# [K(nova-venv) ]0;root@srv853601: ~root@srv853601:~# 