🧠 Starting Nova Full Auto-Sync Sentinel...
✅ Vault ready.
Reinitialized existing Git repository in /opt/nova-core/.git/
On branch master
Untracked files:
  (use "git add <file>..." to include in what will be committed)
	__pycache__/
	templates/
	venv/

nothing added to commit but untracked files present (use "git add" to track)
remote: Support for password authentication was removed on August 13, 2021.
remote: Please see https://docs.github.com/get-started/getting-started-with-git/about-remote-repositories#cloning-with-https-urls for information on currently recommended modes of authentication.
fatal: Authentication failed for 'https://github.com/elias-hivemind/project-eliashive.git/'
⚠️ GitHub push failed. Check token.
☁️ Syncing to Google Drive...
2025/06/11 00:00:01 Failed to create file system for "gdrive:nova_backups/": couldn't find root directory ID: googleapi: Error 401: Request had invalid authentication credentials. Expected OAuth 2 access token, login cookie or other valid authentication credential. See https://developers.google.com/identity/sign-in/web/devconsole-project.
More details:
Reason: authError, Message: Invalid Credentials
⚠️ Drive sync failed.
❌ Restoration pending...
❌ Watchdog failed.
✅ ALL DONE: Synced, Vaulted, and Self-Healing.
🧠 Starting Nova Full Auto-Sync Sentinel...
🧠 Starting Nova Full Auto-Sync Sentinel...
✅ Vault ready.
✅ Vault ready.
Reinitialized existing Git repository in /opt/nova-core/.git/
Reinitialized existing Git repository in /opt/nova-core/.git/
error: remote origin already exists.
fatal: Unable to create '/opt/nova-core/.git/index.lock': File exists.

Another git process seems to be running in this repository, e.g.
an editor opened by 'git commit'. Please make sure all processes
are terminated then try again. If it still fails, a git process
may have crashed in this repository earlier:
remove the file manually to continue.
On branch master
Changes not staged for commit:
  (use "git add <file>..." to update what will be committed)
  (use "git restore <file>..." to discard changes in working directory)
	modified:   templates/dashboard.html

no changes added to commit (use "git add" and/or "git commit -a")
On branch master
Changes not staged for commit:
  (use "git add <file>..." to update what will be committed)
  (use "git restore <file>..." to discard changes in working directory)
	modified:   templates/dashboard.html

no changes added to commit (use "git add" and/or "git commit -a")
remote: Support for password authentication was removed on August 13, 2021.
remote: Please see https://docs.github.com/get-started/getting-started-with-git/about-remote-repositories#cloning-with-https-urls for information on currently recommended modes of authentication.
fatal: Authentication failed for 'https://github.com/elias-hivemind/project-eliashive.git/'
⚠️ GitHub push failed. Check token.
☁️ Syncing to Google Drive...
remote: Support for password authentication was removed on August 13, 2021.
remote: Please see https://docs.github.com/get-started/getting-started-with-git/about-remote-repositories#cloning-with-https-urls for information on currently recommended modes of authentication.
fatal: Authentication failed for 'https://github.com/elias-hivemind/project-eliashive.git/'
⚠️ GitHub push failed. Check token.
☁️ Syncing to Google Drive...
2025/06/11 12:00:02 Failed to create file system for "gdrive:nova_backups/": couldn't find root directory ID: googleapi: Error 401: Request had invalid authentication credentials. Expected OAuth 2 access token, login cookie or other valid authentication credential. See https://developers.google.com/identity/sign-in/web/devconsole-project.
More details:
Reason: authError, Message: Invalid Credentials
⚠️ Drive sync failed.
2025/06/11 12:00:02 Failed to create file system for "gdrive:nova_backups/": couldn't find root directory ID: googleapi: Error 401: Request had invalid authentication credentials. Expected OAuth 2 access token, login cookie or other valid authentication credential. See https://developers.google.com/identity/sign-in/web/devconsole-project.
More details:
Reason: authError, Message: Invalid Credentials
⚠️ Drive sync failed.
cp: cannot stat 'server.py': No such file or directory
❌ Restoration pending...
❌ Restoration pending...
❌ Watchdog failed.
✅ ALL DONE: Synced, Vaulted, and Self-Healing.
❌ Watchdog failed.
✅ ALL DONE: Synced, Vaulted, and Self-Healing.
🧠 Starting Nova Full Auto-Sync Sentinel...
🧠 Starting Nova Full Auto-Sync Sentinel...
🧠 Starting Nova Full Auto-Sync Sentinel...
🧠 Starting Nova Full Auto-Sync Sentinel...
✅ Vault ready.
✅ Vault ready.
✅ Vault ready.
Reinitialized existing Git repository in /opt/nova-core/.git/
✅ Vault ready.
Reinitialized existing Git repository in /opt/nova-core/.git/
Reinitialized existing Git repository in /opt/nova-core/.git/
Reinitialized existing Git repository in /opt/nova-core/.git/
error: remote origin already exists.
error: remote origin already exists.
fatal: Unable to create '/opt/nova-core/.git/index.lock': File exists.

Another git process seems to be running in this repository, e.g.
an editor opened by 'git commit'. Please make sure all processes
are terminated then try again. If it still fails, a git process
may have crashed in this repository earlier:
remove the file manually to continue.
fatal: Unable to create '/opt/nova-core/.git/index.lock': File exists.

Another git process seems to be running in this repository, e.g.
an editor opened by 'git commit'. Please make sure all processes
are terminated then try again. If it still fails, a git process
may have crashed in this repository earlier:
remove the file manually to continue.
fatal: 'origin' does not appear to be a git repository
fatal: Could not read from remote repository.

Please make sure you have the correct access rights
and the repository exists.
⚠️ GitHub push failed. Check token.
fatal: Unable to create '/opt/nova-core/.git/index.lock': File exists.

Another git process seems to be running in this repository, e.g.
an editor opened by 'git commit'. Please make sure all processes
are terminated then try again. If it still fails, a git process
may have crashed in this repository earlier:
remove the file manually to continue.
☁️ Syncing to Google Drive...
On branch master
Changes not staged for commit:
  (use "git add <file>..." to update what will be committed)
  (use "git restore <file>..." to discard changes in working directory)
	modified:   __pycache__/server.cpython-312.pyc
	modified:   templates/dashboard.html

Untracked files:
  (use "git add <file>..." to include in what will be committed)
	__pycache__/app.cpython-312.pyc
	api/
	app.py

no changes added to commit (use "git add" and/or "git commit -a")
On branch master
Changes not staged for commit:
  (use "git add <file>..." to update what will be committed)
  (use "git restore <file>..." to discard changes in working directory)
	modified:   __pycache__/server.cpython-312.pyc
	modified:   templates/dashboard.html

Untracked files:
  (use "git add <file>..." to include in what will be committed)
	__pycache__/app.cpython-312.pyc
	api/
	app.py

no changes added to commit (use "git add" and/or "git commit -a")
2025/06/12 00:00:02 Failed to create file system for "gdrive:nova_backups/": couldn't find root directory ID: googleapi: Error 401: Request had invalid authentication credentials. Expected OAuth 2 access token, login cookie or other valid authentication credential. See https://developers.google.com/identity/sign-in/web/devconsole-project.
More details:
Reason: authError, Message: Invalid Credentials
⚠️ Drive sync failed.
remote: Support for password authentication was removed on August 13, 2021.
remote: Please see https://docs.github.com/get-started/getting-started-with-git/about-remote-repositories#cloning-with-https-urls for information on currently recommended modes of authentication.
fatal: Authentication failed for 'https://github.com/elias-hivemind/project-eliashive.git/'
⚠️ GitHub push failed. Check token.
☁️ Syncing to Google Drive...
remote: Support for password authentication was removed on August 13, 2021.
remote: Please see https://docs.github.com/get-started/getting-started-with-git/about-remote-repositories#cloning-with-https-urls for information on currently recommended modes of authentication.
fatal: Authentication failed for 'https://github.com/elias-hivemind/project-eliashive.git/'
⚠️ GitHub push failed. Check token.
☁️ Syncing to Google Drive...
remote: Support for password authentication was removed on August 13, 2021.
remote: Please see https://docs.github.com/get-started/getting-started-with-git/about-remote-repositories#cloning-with-https-urls for information on currently recommended modes of authentication.
fatal: Authentication failed for 'https://github.com/elias-hivemind/project-eliashive.git/'
⚠️ GitHub push failed. Check token.
☁️ Syncing to Google Drive...
2025/06/12 00:00:02 Failed to create file system for "gdrive:nova_backups/": couldn't find root directory ID: googleapi: Error 401: Request had invalid authentication credentials. Expected OAuth 2 access token, login cookie or other valid authentication credential. See https://developers.google.com/identity/sign-in/web/devconsole-project.
More details:
Reason: authError, Message: Invalid Credentials
⚠️ Drive sync failed.
2025/06/12 00:00:02 Failed to create file system for "gdrive:nova_backups/": couldn't find root directory ID: googleapi: Error 401: Request had invalid authentication credentials. Expected OAuth 2 access token, login cookie or other valid authentication credential. See https://developers.google.com/identity/sign-in/web/devconsole-project.
More details:
Reason: authError, Message: Invalid Credentials
2025/06/12 00:00:02 Failed to create file system for "gdrive:nova_backups/": couldn't find root directory ID: googleapi: Error 401: Request had invalid authentication credentials. Expected OAuth 2 access token, login cookie or other valid authentication credential. See https://developers.google.com/identity/sign-in/web/devconsole-project.
More details:
Reason: authError, Message: Invalid Credentials
⚠️ Drive sync failed.
⚠️ Drive sync failed.
cp: cannot stat 'server.py': No such file or directory
cp: cannot stat 'server.py': No such file or directory
❌ Restoration pending...
❌ Restoration pending...
❌ Restoration pending...
❌ Restoration pending...
❌ Watchdog failed.
✅ ALL DONE: Synced, Vaulted, and Self-Healing.
❌ Watchdog failed.
✅ ALL DONE: Synced, Vaulted, and Self-Healing.
❌ Watchdog failed.
✅ ALL DONE: Synced, Vaulted, and Self-Healing.
❌ Watchdog failed.
✅ ALL DONE: Synced, Vaulted, and Self-Healing.
🧠 Starting Nova Full Auto-Sync Sentinel...
🧠 Starting Nova Full Auto-Sync Sentinel...
🧠 Starting Nova Full Auto-Sync Sentinel...
🧠 Starting Nova Full Auto-Sync Sentinel...
🧠 Starting Nova Full Auto-Sync Sentinel...
🧠 Starting Nova Full Auto-Sync Sentinel...
✅ Vault ready.
✅ Vault ready.
✅ Vault ready.
hint: Using 'master' as the name for the initial branch. This default branch name
hint: is subject to change. To configure the initial branch name to use in all
hint: of your new repositories, which will suppress this warning, call:
hint: 
hint: 	git config --global init.defaultBranch <name>
hint: 
hint: Names commonly chosen instead of 'master' are 'main', 'trunk' and
hint: 'development'. The just-created branch can be renamed via this command:
hint: 
hint: 	git branch -m <name>
error: could not lock config file /opt/nova-core/.git/config: File exists
fatal: could not set 'core.repositoryformatversion' to '0'
✅ Vault ready.
🧠 Starting Nova Full Auto-Sync Sentinel...
🧠 Starting Nova Full Auto-Sync Sentinel...
Initialized empty Git repository in /opt/nova-core/.git/
✅ Vault ready.
Reinitialized existing Git repository in /opt/nova-core/.git/
✅ Vault ready.
✅ Vault ready.
Reinitialized existing Git repository in /opt/nova-core/.git/
✅ Vault ready.
error: remote origin already exists.
Reinitialized existing Git repository in /opt/nova-core/.git/
error: could not lock config file .git/config: File exists
fatal: could not set 'remote.origin.url' to 'https://elias-hivemind:ghp_mlinziXNovaGuardianAI9876543210@github.com/elias-hivemind/project-eliashive.git'
Reinitialized existing Git repository in /opt/nova-core/.git/
fatal: Unable to create '/opt/nova-core/.git/index.lock': File exists.

Another git process seems to be running in this repository, e.g.
an editor opened by 'git commit'. Please make sure all processes
are terminated then try again. If it still fails, a git process
may have crashed in this repository earlier:
remove the file manually to continue.
error: could not lock config file /opt/nova-core/.git/config: File exists
fatal: could not set 'core.repositoryformatversion' to '0'
Reinitialized existing Git repository in /opt/nova-core/.git/
error: remote origin already exists.
error: remote origin already exists.
On branch master
Untracked files:
  (use "git add <file>..." to include in what will be committed)
	__pycache__/
	app.py
	requirements.txt
	templates/
	venv/

nothing added to commit but untracked files present (use "git add" to track)
error: remote origin already exists.
[master 37f09f4] 🛡️ Auto-backup from Guardian Thu Jun 12 12:00:01 UTC 2025
 Committer: Guardian AutoSync <root@srv853601.hstgr.cloud>
Your name and email address were configured automatically based
on your username and hostname. Please check that they are accurate.
You can suppress this message by setting them explicitly:

    git config --global user.name "Your Name"
    git config --global user.email you@example.com

After doing this, you may fix the identity used for this commit with:

    git commit --amend --reset-author

 1 file changed, 1 insertion(+), 16 deletions(-)
On branch master
Untracked files:
  (use "git add <file>..." to include in what will be committed)
	__pycache__/
	app.py
	requirements.txt
	templates/
	venv/

nothing added to commit but untracked files present (use "git add" to track)
On branch master
Untracked files:
  (use "git add <file>..." to include in what will be committed)
	__pycache__/
	app.py
	requirements.txt
	templates/
	venv/

nothing added to commit but untracked files present (use "git add" to track)
On branch master
Untracked files:
  (use "git add <file>..." to include in what will be committed)
	__pycache__/
	app.py
	requirements.txt
	templates/
	venv/

nothing added to commit but untracked files present (use "git add" to track)
On branch master
Untracked files:
  (use "git add <file>..." to include in what will be committed)
	__pycache__/
	app.py
	requirements.txt
	templates/
	venv/

nothing added to commit but untracked files present (use "git add" to track)
On branch master
Untracked files:
  (use "git add <file>..." to include in what will be committed)
	__pycache__/
	app.py
	requirements.txt
	templates/
	venv/

nothing added to commit but untracked files present (use "git add" to track)
On branch master
Untracked files:
  (use "git add <file>..." to include in what will be committed)
	__pycache__/
	app.py
	requirements.txt
	templates/
	venv/

nothing added to commit but untracked files present (use "git add" to track)
remote: Support for password authentication was removed on August 13, 2021.
remote: Please see https://docs.github.com/get-started/getting-started-with-git/about-remote-repositories#cloning-with-https-urls for information on currently recommended modes of authentication.
fatal: Authentication failed for 'https://github.com/elias-hivemind/project-eliashive.git/'
⚠️ GitHub push failed. Check token.
remote: Support for password authentication was removed on August 13, 2021.
remote: Please see https://docs.github.com/get-started/getting-started-with-git/about-remote-repositories#cloning-with-https-urls for information on currently recommended modes of authentication.
fatal: Authentication failed for 'https://github.com/elias-hivemind/project-eliashive.git/'
⚠️ GitHub push failed. Check token.
remote: Support for password authentication was removed on August 13, 2021.
remote: Please see https://docs.github.com/get-started/getting-started-with-git/about-remote-repositories#cloning-with-https-urls for information on currently recommended modes of authentication.
fatal: Authentication failed for 'https://github.com/elias-hivemind/project-eliashive.git/'
☁️ Syncing to Google Drive...
⚠️ GitHub push failed. Check token.
☁️ Syncing to Google Drive...
remote: Support for password authentication was removed on August 13, 2021.
remote: Please see https://docs.github.com/get-started/getting-started-with-git/about-remote-repositories#cloning-with-https-urls for information on currently recommended modes of authentication.
fatal: Authentication failed for 'https://github.com/elias-hivemind/project-eliashive.git/'
☁️ Syncing to Google Drive...
⚠️ GitHub push failed. Check token.
remote: Support for password authentication was removed on August 13, 2021.
remote: Please see https://docs.github.com/get-started/getting-started-with-git/about-remote-repositories#cloning-with-https-urls for information on currently recommended modes of authentication.
fatal: Authentication failed for 'https://github.com/elias-hivemind/project-eliashive.git/'
remote: Support for password authentication was removed on August 13, 2021.
remote: Please see https://docs.github.com/get-started/getting-started-with-git/about-remote-repositories#cloning-with-https-urls for information on currently recommended modes of authentication.
fatal: Authentication failed for 'https://github.com/elias-hivemind/project-eliashive.git/'
⚠️ GitHub push failed. Check token.
⚠️ GitHub push failed. Check token.
☁️ Syncing to Google Drive...
☁️ Syncing to Google Drive...
☁️ Syncing to Google Drive...
remote: Support for password authentication was removed on August 13, 2021.
remote: Please see https://docs.github.com/get-started/getting-started-with-git/about-remote-repositories#cloning-with-https-urls for information on currently recommended modes of authentication.
fatal: Authentication failed for 'https://github.com/elias-hivemind/project-eliashive.git/'
⚠️ GitHub push failed. Check token.
☁️ Syncing to Google Drive...
remote: Support for password authentication was removed on August 13, 2021.
remote: Please see https://docs.github.com/get-started/getting-started-with-git/about-remote-repositories#cloning-with-https-urls for information on currently recommended modes of authentication.
fatal: Authentication failed for 'https://github.com/elias-hivemind/project-eliashive.git/'
⚠️ GitHub push failed. Check token.
☁️ Syncing to Google Drive...
2025/06/12 12:00:02 Failed to create file system for "gdrive:nova_backups/": couldn't find root directory ID: googleapi: Error 401: Request had invalid authentication credentials. Expected OAuth 2 access token, login cookie or other valid authentication credential. See https://developers.google.com/identity/sign-in/web/devconsole-project.
More details:
Reason: authError, Message: Invalid Credentials
⚠️ Drive sync failed.
2025/06/12 12:00:02 Failed to create file system for "gdrive:nova_backups/": couldn't find root directory ID: googleapi: Error 401: Request had invalid authentication credentials. Expected OAuth 2 access token, login cookie or other valid authentication credential. See https://developers.google.com/identity/sign-in/web/devconsole-project.
More details:
Reason: authError, Message: Invalid Credentials
2025/06/12 12:00:02 Failed to create file system for "gdrive:nova_backups/": couldn't find root directory ID: googleapi: Error 401: Request had invalid authentication credentials. Expected OAuth 2 access token, login cookie or other valid authentication credential. See https://developers.google.com/identity/sign-in/web/devconsole-project.
More details:
Reason: authError, Message: Invalid Credentials
⚠️ Drive sync failed.
⚠️ Drive sync failed.
2025/06/12 12:00:02 Failed to create file system for "gdrive:nova_backups/": couldn't find root directory ID: googleapi: Error 401: Request had invalid authentication credentials. Expected OAuth 2 access token, login cookie or other valid authentication credential. See https://developers.google.com/identity/sign-in/web/devconsole-project.
More details:
Reason: authError, Message: Invalid Credentials
2025/06/12 12:00:02 Failed to create file system for "gdrive:nova_backups/": couldn't find root directory ID: googleapi: Error 401: Request had invalid authentication credentials. Expected OAuth 2 access token, login cookie or other valid authentication credential. See https://developers.google.com/identity/sign-in/web/devconsole-project.
More details:
Reason: authError, Message: Invalid Credentials
⚠️ Drive sync failed.
cp: cannot stat 'server.py': No such file or directory
⚠️ Drive sync failed.
2025/06/12 12:00:02 Failed to create file system for "gdrive:nova_backups/": couldn't find root directory ID: googleapi: Error 401: Request had invalid authentication credentials. Expected OAuth 2 access token, login cookie or other valid authentication credential. See https://developers.google.com/identity/sign-in/web/devconsole-project.
More details:
Reason: authError, Message: Invalid Credentials
2025/06/12 12:00:02 Failed to create file system for "gdrive:nova_backups/": couldn't find root directory ID: googleapi: Error 401: Request had invalid authentication credentials. Expected OAuth 2 access token, login cookie or other valid authentication credential. See https://developers.google.com/identity/sign-in/web/devconsole-project.
More details:
Reason: authError, Message: Invalid Credentials
cp: cannot stat 'server.py': No such file or directory
⚠️ Drive sync failed.
⚠️ Drive sync failed.
cp: cannot stat 'server.py': No such file or directory
cp: cannot stat 'server.py': No such file or directory
cp: cannot stat 'server.py': No such file or directory
cp: cannot stat 'server.py': No such file or directory
2025/06/12 12:00:02 Failed to create file system for "gdrive:nova_backups/": couldn't find root directory ID: googleapi: Error 401: Request had invalid authentication credentials. Expected OAuth 2 access token, login cookie or other valid authentication credential. See https://developers.google.com/identity/sign-in/web/devconsole-project.
More details:
Reason: authError, Message: Invalid Credentials
⚠️ Drive sync failed.
cp: cannot stat 'server.py': No such file or directory
❌ Restoration pending...
❌ Restoration pending...
❌ Restoration pending...
❌ Restoration pending...
❌ Restoration pending...
❌ Restoration pending...
❌ Restoration pending...
❌ Restoration pending...
❌ Watchdog failed.
✅ ALL DONE: Synced, Vaulted, and Self-Healing.
❌ Watchdog failed.
✅ ALL DONE: Synced, Vaulted, and Self-Healing.
❌ Watchdog failed.
✅ ALL DONE: Synced, Vaulted, and Self-Healing.
❌ Watchdog failed.
✅ ALL DONE: Synced, Vaulted, and Self-Healing.
❌ Watchdog failed.
✅ ALL DONE: Synced, Vaulted, and Self-Healing.
❌ Watchdog failed.
✅ ALL DONE: Synced, Vaulted, and Self-Healing.
❌ Watchdog failed.
✅ ALL DONE: Synced, Vaulted, and Self-Healing.
❌ Watchdog failed.
✅ ALL DONE: Synced, Vaulted, and Self-Healing.
0: command not found
