🌐 Installing FastAPI Server...

WARNING: apt does not have a stable CLI interface. Use with caution in scripts.

Reading package lists...
E: Could not get lock /var/lib/apt/lists/lock. It is held by process 1246 (apt-get)
E: Unable to lock directory /var/lib/apt/lists/
W: Target Packages (main/binary-amd64/Packages) is configured multiple times in /etc/apt/sources.list.d/ubuntu-mirrors.list:1 and /etc/apt/sources.list.d/ubuntu-mirrors.list:9
W: Target Packages (main/binary-all/Packages) is configured multiple times in /etc/apt/sources.list.d/ubuntu-mirrors.list:1 and /etc/apt/sources.list.d/ubuntu-mirrors.list:9
W: Target Translations (main/i18n/Translation-en) is configured multiple times in /etc/apt/sources.list.d/ubuntu-mirrors.list:1 and /etc/apt/sources.list.d/ubuntu-mirrors.list:9
W: Target DEP-11 (main/dep11/Components-amd64.yml) is configured multiple times in /etc/apt/sources.list.d/ubuntu-mirrors.list:1 and /etc/apt/sources.list.d/ubuntu-mirrors.list:9
W: Target DEP-11 (main/dep11/Components-all.yml) is configured multiple times in /etc/apt/sources.list.d/ubuntu-mirrors.list:1 and /etc/apt/sources.list.d/ubuntu-mirrors.list:9
W: Target CNF (main/cnf/Commands-amd64) is configured multiple times in /etc/apt/sources.list.d/ubuntu-mirrors.list:1 and /etc/apt/sources.list.d/ubuntu-mirrors.list:9
W: Target CNF (main/cnf/Commands-all) is configured multiple times in /etc/apt/sources.list.d/ubuntu-mirrors.list:1 and /etc/apt/sources.list.d/ubuntu-mirrors.list:9
W: Target Packages (restricted/binary-amd64/Packages) is configured multiple times in /etc/apt/sources.list.d/ubuntu-mirrors.list:1 and /etc/apt/sources.list.d/ubuntu-mirrors.list:9
W: Target Packages (restricted/binary-all/Packages) is configured multiple times in /etc/apt/sources.list.d/ubuntu-mirrors.list:1 and /etc/apt/sources.list.d/ubuntu-mirrors.list:9
W: Target Translations (restricted/i18n/Translation-en) is configured multiple times in /etc/apt/sources.list.d/ubuntu-mirrors.list:1 and /etc/apt/sources.list.d/ubuntu-mirrors.list:9
W: Target DEP-11 (restricted/dep11/Components-amd64.yml) is configured multiple times in /etc/apt/sources.list.d/ubuntu-mirrors.list:1 and /etc/apt/sources.list.d/ubuntu-mirrors.list:9
W: Target DEP-11 (restricted/dep11/Components-all.yml) is configured multiple times in /etc/apt/sources.list.d/ubuntu-mirrors.list:1 and /etc/apt/sources.list.d/ubuntu-mirrors.list:9
W: Target CNF (restricted/cnf/Commands-amd64) is configured multiple times in /etc/apt/sources.list.d/ubuntu-mirrors.list:1 and /etc/apt/sources.list.d/ubuntu-mirrors.list:9
W: Target CNF (restricted/cnf/Commands-all) is configured multiple times in /etc/apt/sources.list.d/ubuntu-mirrors.list:1 and /etc/apt/sources.list.d/ubuntu-mirrors.list:9
W: Target Packages (universe/binary-amd64/Packages) is configured multiple times in /etc/apt/sources.list.d/ubuntu-mirrors.list:1 and /etc/apt/sources.list.d/ubuntu-mirrors.list:9
W: Target Packages (universe/binary-all/Packages) is configured multiple times in /etc/apt/sources.list.d/ubuntu-mirrors.list:1 and /etc/apt/sources.list.d/ubuntu-mirrors.list:9
W: Target Translations (universe/i18n/Translation-en) is configured multiple times in /etc/apt/sources.list.d/ubuntu-mirrors.list:1 and /etc/apt/sources.list.d/ubuntu-mirrors.list:9
W: Target DEP-11 (universe/dep11/Components-amd64.yml) is configured multiple times in /etc/apt/sources.list.d/ubuntu-mirrors.list:1 and /etc/apt/sources.list.d/ubuntu-mirrors.list:9
W: Target DEP-11 (universe/dep11/Components-all.yml) is configured multiple times in /etc/apt/sources.list.d/ubuntu-mirrors.list:1 and /etc/apt/sources.list.d/ubuntu-mirrors.list:9
W: Target CNF (universe/cnf/Commands-amd64) is configured multiple times in /etc/apt/sources.list.d/ubuntu-mirrors.list:1 and /etc/apt/sources.list.d/ubuntu-mirrors.list:9
W: Target CNF (universe/cnf/Commands-all) is configured multiple times in /etc/apt/sources.list.d/ubuntu-mirrors.list:1 and /etc/apt/sources.list.d/ubuntu-mirrors.list:9
W: Target Packages (multiverse/binary-amd64/Packages) is configured multiple times in /etc/apt/sources.list.d/ubuntu-mirrors.list:1 and /etc/apt/sources.list.d/ubuntu-mirrors.list:9
W: Target Packages (multiverse/binary-all/Packages) is configured multiple times in /etc/apt/sources.list.d/ubuntu-mirrors.list:1 and /etc/apt/sources.list.d/ubuntu-mirrors.list:9
W: Target Translations (multiverse/i18n/Translation-en) is configured multiple times in /etc/apt/sources.list.d/ubuntu-mirrors.list:1 and /etc/apt/sources.list.d/ubuntu-mirrors.list:9
W: Target DEP-11 (multiverse/dep11/Components-amd64.yml) is configured multiple times in /etc/apt/sources.list.d/ubuntu-mirrors.list:1 and /etc/apt/sources.list.d/ubuntu-mirrors.list:9
W: Target DEP-11 (multiverse/dep11/Components-all.yml) is configured multiple times in /etc/apt/sources.list.d/ubuntu-mirrors.list:1 and /etc/apt/sources.list.d/ubuntu-mirrors.list:9
W: Target CNF (multiverse/cnf/Commands-amd64) is configured multiple times in /etc/apt/sources.list.d/ubuntu-mirrors.list:1 and /etc/apt/sources.list.d/ubuntu-mirrors.list:9
W: Target CNF (multiverse/cnf/Commands-all) is configured multiple times in /etc/apt/sources.list.d/ubuntu-mirrors.list:1 and /etc/apt/sources.list.d/ubuntu-mirrors.list:9
W: Target Packages (main/binary-amd64/Packages) is configured multiple times in /etc/apt/sources.list.d/ubuntu-mirrors.list:2 and /etc/apt/sources.list.d/ubuntu-mirrors.list:10
W: Target Packages (main/binary-all/Packages) is configured multiple times in /etc/apt/sources.list.d/ubuntu-mirrors.list:2 and /etc/apt/sources.list.d/ubuntu-mirrors.list:10
W: Target Translations (main/i18n/Translation-en) is configured multiple times in /etc/apt/sources.list.d/ubuntu-mirrors.list:2 and /etc/apt/sources.list.d/ubuntu-mirrors.list:10
W: Target DEP-11 (main/dep11/Components-amd64.yml) is configured multiple times in /etc/apt/sources.list.d/ubuntu-mirrors.list:2 and /etc/apt/sources.list.d/ubuntu-mirrors.list:10
W: Target DEP-11 (main/dep11/Components-all.yml) is configured multiple times in /etc/apt/sources.list.d/ubuntu-mirrors.list:2 and /etc/apt/sources.list.d/ubuntu-mirrors.list:10
W: Target CNF (main/cnf/Commands-amd64) is configured multiple times in /etc/apt/sources.list.d/ubuntu-mirrors.list:2 and /etc/apt/sources.list.d/ubuntu-mirrors.list:10
W: Target CNF (main/cnf/Commands-all) is configured multiple times in /etc/apt/sources.list.d/ubuntu-mirrors.list:2 and /etc/apt/sources.list.d/ubuntu-mirrors.list:10
W: Target Packages (restricted/binary-amd64/Packages) is configured multiple times in /etc/apt/sources.list.d/ubuntu-mirrors.list:2 and /etc/apt/sources.list.d/ubuntu-mirrors.list:10
W: Target Packages (restricted/binary-all/Packages) is configured multiple times in /etc/apt/sources.list.d/ubuntu-mirrors.list:2 and /etc/apt/sources.list.d/ubuntu-mirrors.list:10
W: Target Translations (restricted/i18n/Translation-en) is configured multiple times in /etc/apt/sources.list.d/ubuntu-mirrors.list:2 and /etc/apt/sources.list.d/ubuntu-mirrors.list:10
W: Target DEP-11 (restricted/dep11/Components-amd64.yml) is configured multiple times in /etc/apt/sources.list.d/ubuntu-mirrors.list:2 and /etc/apt/sources.list.d/ubuntu-mirrors.list:10
W: Target DEP-11 (restricted/dep11/Components-all.yml) is configured multiple times in /etc/apt/sources.list.d/ubuntu-mirrors.list:2 and /etc/apt/sources.list.d/ubuntu-mirrors.list:10
W: Target CNF (restricted/cnf/Commands-amd64) is configured multiple times in /etc/apt/sources.list.d/ubuntu-mirrors.list:2 and /etc/apt/sources.list.d/ubuntu-mirrors.list:10
W: Target CNF (restricted/cnf/Commands-all) is configured multiple times in /etc/apt/sources.list.d/ubuntu-mirrors.list:2 and /etc/apt/sources.list.d/ubuntu-mirrors.list:10
W: Target Packages (universe/binary-amd64/Packages) is configured multiple times in /etc/apt/sources.list.d/ubuntu-mirrors.list:2 and /etc/apt/sources.list.d/ubuntu-mirrors.list:10
W: Target Packages (universe/binary-all/Packages) is configured multiple times in /etc/apt/sources.list.d/ubuntu-mirrors.list:2 and /etc/apt/sources.list.d/ubuntu-mirrors.list:10
W: Target Translations (universe/i18n/Translation-en) is configured multiple times in /etc/apt/sources.list.d/ubuntu-mirrors.list:2 and /etc/apt/sources.list.d/ubuntu-mirrors.list:10
W: Target DEP-11 (universe/dep11/Components-amd64.yml) is configured multiple times in /etc/apt/sources.list.d/ubuntu-mirrors.list:2 and /etc/apt/sources.list.d/ubuntu-mirrors.list:10
W: Target DEP-11 (universe/dep11/Components-all.yml) is configured multiple times in /etc/apt/sources.list.d/ubuntu-mirrors.list:2 and /etc/apt/sources.list.d/ubuntu-mirrors.list:10
W: Target CNF (universe/cnf/Commands-amd64) is configured multiple times in /etc/apt/sources.list.d/ubuntu-mirrors.list:2 and /etc/apt/sources.list.d/ubuntu-mirrors.list:10
W: Target CNF (universe/cnf/Commands-all) is configured multiple times in /etc/apt/sources.list.d/ubuntu-mirrors.list:2 and /etc/apt/sources.list.d/ubuntu-mirrors.list:10
W: Target Packages (multiverse/binary-amd64/Packages) is configured multiple times in /etc/apt/sources.list.d/ubuntu-mirrors.list:2 and /etc/apt/sources.list.d/ubuntu-mirrors.list:10
W: Target Packages (multiverse/binary-all/Packages) is configured multiple times in /etc/apt/sources.list.d/ubuntu-mirrors.list:2 and /etc/apt/sources.list.d/ubuntu-mirrors.list:10
W: Target Translations (multiverse/i18n/Translation-en) is configured multiple times in /etc/apt/sources.list.d/ubuntu-mirrors.list:2 and /etc/apt/sources.list.d/ubuntu-mirrors.list:10
W: Target DEP-11 (multiverse/dep11/Components-amd64.yml) is configured multiple times in /etc/apt/sources.list.d/ubuntu-mirrors.list:2 and /etc/apt/sources.list.d/ubuntu-mirrors.list:10
W: Target DEP-11 (multiverse/dep11/Components-all.yml) is configured multiple times in /etc/apt/sources.list.d/ubuntu-mirrors.list:2 and /etc/apt/sources.list.d/ubuntu-mirrors.list:10
W: Target CNF (multiverse/cnf/Commands-amd64) is configured multiple times in /etc/apt/sources.list.d/ubuntu-mirrors.list:2 and /etc/apt/sources.list.d/ubuntu-mirrors.list:10
W: Target CNF (multiverse/cnf/Commands-all) is configured multiple times in /etc/apt/sources.list.d/ubuntu-mirrors.list:2 and /etc/apt/sources.list.d/ubuntu-mirrors.list:10
W: Target Packages (main/binary-amd64/Packages) is configured multiple times in /etc/apt/sources.list.d/ubuntu-mirrors.list:3 and /etc/apt/sources.list.d/ubuntu-mirrors.list:11
W: Target Packages (main/binary-all/Packages) is configured multiple times in /etc/apt/sources.list.d/ubuntu-mirrors.list:3 and /etc/apt/sources.list.d/ubuntu-mirrors.list:11
W: Target Translations (main/i18n/Translation-en) is configured multiple times in /etc/apt/sources.list.d/ubuntu-mirrors.list:3 and /etc/apt/sources.list.d/ubuntu-mirrors.list:11
W: Target DEP-11 (main/dep11/Components-amd64.yml) is configured multiple times in /etc/apt/sources.list.d/ubuntu-mirrors.list:3 and /etc/apt/sources.list.d/ubuntu-mirrors.list:11
W: Target DEP-11 (main/dep11/Components-all.yml) is configured multiple times in /etc/apt/sources.list.d/ubuntu-mirrors.list:3 and /etc/apt/sources.list.d/ubuntu-mirrors.list:11
W: Target CNF (main/cnf/Commands-amd64) is configured multiple times in /etc/apt/sources.list.d/ubuntu-mirrors.list:3 and /etc/apt/sources.list.d/ubuntu-mirrors.list:11
W: Target CNF (main/cnf/Commands-all) is configured multiple times in /etc/apt/sources.list.d/ubuntu-mirrors.list:3 and /etc/apt/sources.list.d/ubuntu-mirrors.list:11
W: Target Packages (restricted/binary-amd64/Packages) is configured multiple times in /etc/apt/sources.list.d/ubuntu-mirrors.list:3 and /etc/apt/sources.list.d/ubuntu-mirrors.list:11
W: Target Packages (restricted/binary-all/Packages) is configured multiple times in /etc/apt/sources.list.d/ubuntu-mirrors.list:3 and /etc/apt/sources.list.d/ubuntu-mirrors.list:11
W: Target Translations (restricted/i18n/Translation-en) is configured multiple times in /etc/apt/sources.list.d/ubuntu-mirrors.list:3 and /etc/apt/sources.list.d/ubuntu-mirrors.list:11
W: Target DEP-11 (restricted/dep11/Components-amd64.yml) is configured multiple times in /etc/apt/sources.list.d/ubuntu-mirrors.list:3 and /etc/apt/sources.list.d/ubuntu-mirrors.list:11
W: Target DEP-11 (restricted/dep11/Components-all.yml) is configured multiple times in /etc/apt/sources.list.d/ubuntu-mirrors.list:3 and /etc/apt/sources.list.d/ubuntu-mirrors.list:11
W: Target CNF (restricted/cnf/Commands-amd64) is configured multiple times in /etc/apt/sources.list.d/ubuntu-mirrors.list:3 and /etc/apt/sources.list.d/ubuntu-mirrors.list:11
W: Target CNF (restricted/cnf/Commands-all) is configured multiple times in /etc/apt/sources.list.d/ubuntu-mirrors.list:3 and /etc/apt/sources.list.d/ubuntu-mirrors.list:11
W: Target Packages (universe/binary-amd64/Packages) is configured multiple times in /etc/apt/sources.list.d/ubuntu-mirrors.list:3 and /etc/apt/sources.list.d/ubuntu-mirrors.list:11
W: Target Packages (universe/binary-all/Packages) is configured multiple times in /etc/apt/sources.list.d/ubuntu-mirrors.list:3 and /etc/apt/sources.list.d/ubuntu-mirrors.list:11
W: Target Translations (universe/i18n/Translation-en) is configured multiple times in /etc/apt/sources.list.d/ubuntu-mirrors.list:3 and /etc/apt/sources.list.d/ubuntu-mirrors.list:11
W: Target DEP-11 (universe/dep11/Components-amd64.yml) is configured multiple times in /etc/apt/sources.list.d/ubuntu-mirrors.list:3 and /etc/apt/sources.list.d/ubuntu-mirrors.list:11
W: Target DEP-11 (universe/dep11/Components-all.yml) is configured multiple times in /etc/apt/sources.list.d/ubuntu-mirrors.list:3 and /etc/apt/sources.list.d/ubuntu-mirrors.list:11
W: Target CNF (universe/cnf/Commands-amd64) is configured multiple times in /etc/apt/sources.list.d/ubuntu-mirrors.list:3 and /etc/apt/sources.list.d/ubuntu-mirrors.list:11
W: Target CNF (universe/cnf/Commands-all) is configured multiple times in /etc/apt/sources.list.d/ubuntu-mirrors.list:3 and /etc/apt/sources.list.d/ubuntu-mirrors.list:11
W: Target Packages (multiverse/binary-amd64/Packages) is configured multiple times in /etc/apt/sources.list.d/ubuntu-mirrors.list:3 and /etc/apt/sources.list.d/ubuntu-mirrors.list:11
W: Target Packages (multiverse/binary-all/Packages) is configured multiple times in /etc/apt/sources.list.d/ubuntu-mirrors.list:3 and /etc/apt/sources.list.d/ubuntu-mirrors.list:11
W: Target Translations (multiverse/i18n/Translation-en) is configured multiple times in /etc/apt/sources.list.d/ubuntu-mirrors.list:3 and /etc/apt/sources.list.d/ubuntu-mirrors.list:11
W: Target DEP-11 (multiverse/dep11/Components-amd64.yml) is configured multiple times in /etc/apt/sources.list.d/ubuntu-mirrors.list:3 and /etc/apt/sources.list.d/ubuntu-mirrors.list:11
W: Target DEP-11 (multiverse/dep11/Components-all.yml) is configured multiple times in /etc/apt/sources.list.d/ubuntu-mirrors.list:3 and /etc/apt/sources.list.d/ubuntu-mirrors.list:11
W: Target CNF (multiverse/cnf/Commands-amd64) is configured multiple times in /etc/apt/sources.list.d/ubuntu-mirrors.list:3 and /etc/apt/sources.list.d/ubuntu-mirrors.list:11
W: Target CNF (multiverse/cnf/Commands-all) is configured multiple times in /etc/apt/sources.list.d/ubuntu-mirrors.list:3 and /etc/apt/sources.list.d/ubuntu-mirrors.list:11
W: Target Packages (main/binary-amd64/Packages) is configured multiple times in /etc/apt/sources.list.d/ubuntu-mirrors.list:4 and /etc/apt/sources.list.d/ubuntu-mirrors.list:12
W: Target Packages (main/binary-all/Packages) is configured multiple times in /etc/apt/sources.list.d/ubuntu-mirrors.list:4 and /etc/apt/sources.list.d/ubuntu-mirrors.list:12
W: Target Translations (main/i18n/Translation-en) is configured multiple times in /etc/apt/sources.list.d/ubuntu-mirrors.list:4 and /etc/apt/sources.list.d/ubuntu-mirrors.list:12
W: Target DEP-11 (main/dep11/Components-amd64.yml) is configured multiple times in /etc/apt/sources.list.d/ubuntu-mirrors.list:4 and /etc/apt/sources.list.d/ubuntu-mirrors.list:12
W: Target DEP-11 (main/dep11/Components-all.yml) is configured multiple times in /etc/apt/sources.list.d/ubuntu-mirrors.list:4 and /etc/apt/sources.list.d/ubuntu-mirrors.list:12
W: Target CNF (main/cnf/Commands-amd64) is configured multiple times in /etc/apt/sources.list.d/ubuntu-mirrors.list:4 and /etc/apt/sources.list.d/ubuntu-mirrors.list:12
W: Target CNF (main/cnf/Commands-all) is configured multiple times in /etc/apt/sources.list.d/ubuntu-mirrors.list:4 and /etc/apt/sources.list.d/ubuntu-mirrors.list:12
W: Target Packages (restricted/binary-amd64/Packages) is configured multiple times in /etc/apt/sources.list.d/ubuntu-mirrors.list:4 and /etc/apt/sources.list.d/ubuntu-mirrors.list:12
W: Target Packages (restricted/binary-all/Packages) is configured multiple times in /etc/apt/sources.list.d/ubuntu-mirrors.list:4 and /etc/apt/sources.list.d/ubuntu-mirrors.list:12
W: Target Translations (restricted/i18n/Translation-en) is configured multiple times in /etc/apt/sources.list.d/ubuntu-mirrors.list:4 and /etc/apt/sources.list.d/ubuntu-mirrors.list:12
W: Target DEP-11 (restricted/dep11/Components-amd64.yml) is configured multiple times in /etc/apt/sources.list.d/ubuntu-mirrors.list:4 and /etc/apt/sources.list.d/ubuntu-mirrors.list:12
W: Target DEP-11 (restricted/dep11/Components-all.yml) is configured multiple times in /etc/apt/sources.list.d/ubuntu-mirrors.list:4 and /etc/apt/sources.list.d/ubuntu-mirrors.list:12
W: Target CNF (restricted/cnf/Commands-amd64) is configured multiple times in /etc/apt/sources.list.d/ubuntu-mirrors.list:4 and /etc/apt/sources.list.d/ubuntu-mirrors.list:12
W: Target CNF (restricted/cnf/Commands-all) is configured multiple times in /etc/apt/sources.list.d/ubuntu-mirrors.list:4 and /etc/apt/sources.list.d/ubuntu-mirrors.list:12
W: Target Packages (universe/binary-amd64/Packages) is configured multiple times in /etc/apt/sources.list.d/ubuntu-mirrors.list:4 and /etc/apt/sources.list.d/ubuntu-mirrors.list:12
W: Target Packages (universe/binary-all/Packages) is configured multiple times in /etc/apt/sources.list.d/ubuntu-mirrors.list:4 and /etc/apt/sources.list.d/ubuntu-mirrors.list:12
W: Target Translations (universe/i18n/Translation-en) is configured multiple times in /etc/apt/sources.list.d/ubuntu-mirrors.list:4 and /etc/apt/sources.list.d/ubuntu-mirrors.list:12
W: Target DEP-11 (universe/dep11/Components-amd64.yml) is configured multiple times in /etc/apt/sources.list.d/ubuntu-mirrors.list:4 and /etc/apt/sources.list.d/ubuntu-mirrors.list:12
W: Target DEP-11 (universe/dep11/Components-all.yml) is configured multiple times in /etc/apt/sources.list.d/ubuntu-mirrors.list:4 and /etc/apt/sources.list.d/ubuntu-mirrors.list:12
W: Target CNF (universe/cnf/Commands-amd64) is configured multiple times in /etc/apt/sources.list.d/ubuntu-mirrors.list:4 and /etc/apt/sources.list.d/ubuntu-mirrors.list:12
W: Target CNF (universe/cnf/Commands-all) is configured multiple times in /etc/apt/sources.list.d/ubuntu-mirrors.list:4 and /etc/apt/sources.list.d/ubuntu-mirrors.list:12
W: Target Packages (multiverse/binary-amd64/Packages) is configured multiple times in /etc/apt/sources.list.d/ubuntu-mirrors.list:4 and /etc/apt/sources.list.d/ubuntu-mirrors.list:12
W: Target Packages (multiverse/binary-all/Packages) is configured multiple times in /etc/apt/sources.list.d/ubuntu-mirrors.list:4 and /etc/apt/sources.list.d/ubuntu-mirrors.list:12
W: Target Translations (multiverse/i18n/Translation-en) is configured multiple times in /etc/apt/sources.list.d/ubuntu-mirrors.list:4 and /etc/apt/sources.list.d/ubuntu-mirrors.list:12
W: Target DEP-11 (multiverse/dep11/Components-amd64.yml) is configured multiple times in /etc/apt/sources.list.d/ubuntu-mirrors.list:4 and /etc/apt/sources.list.d/ubuntu-mirrors.list:12
W: Target DEP-11 (multiverse/dep11/Components-all.yml) is configured multiple times in /etc/apt/sources.list.d/ubuntu-mirrors.list:4 and /etc/apt/sources.list.d/ubuntu-mirrors.list:12
W: Target CNF (multiverse/cnf/Commands-amd64) is configured multiple times in /etc/apt/sources.list.d/ubuntu-mirrors.list:4 and /etc/apt/sources.list.d/ubuntu-mirrors.list:12
W: Target CNF (multiverse/cnf/Commands-all) is configured multiple times in /etc/apt/sources.list.d/ubuntu-mirrors.list:4 and /etc/apt/sources.list.d/ubuntu-mirrors.list:12
W: Target Packages (main/binary-amd64/Packages) is configured multiple times in /etc/apt/sources.list.d/ubuntu-mirrors.list:5 and /etc/apt/sources.list.d/ubuntu-mirrors.list:13
W: Target Packages (main/binary-all/Packages) is configured multiple times in /etc/apt/sources.list.d/ubuntu-mirrors.list:5 and /etc/apt/sources.list.d/ubuntu-mirrors.list:13
W: Target Translations (main/i18n/Translation-en) is configured multiple times in /etc/apt/sources.list.d/ubuntu-mirrors.list:5 and /etc/apt/sources.list.d/ubuntu-mirrors.list:13
W: Target DEP-11 (main/dep11/Components-amd64.yml) is configured multiple times in /etc/apt/sources.list.d/ubuntu-mirrors.list:5 and /etc/apt/sources.list.d/ubuntu-mirrors.list:13
W: Target DEP-11 (main/dep11/Components-all.yml) is configured multiple times in /etc/apt/sources.list.d/ubuntu-mirrors.list:5 and /etc/apt/sources.list.d/ubuntu-mirrors.list:13
W: Target CNF (main/cnf/Commands-amd64) is configured multiple times in /etc/apt/sources.list.d/ubuntu-mirrors.list:5 and /etc/apt/sources.list.d/ubuntu-mirrors.list:13
W: Target CNF (main/cnf/Commands-all) is configured multiple times in /etc/apt/sources.list.d/ubuntu-mirrors.list:5 and /etc/apt/sources.list.d/ubuntu-mirrors.list:13
W: Target Packages (restricted/binary-amd64/Packages) is configured multiple times in /etc/apt/sources.list.d/ubuntu-mirrors.list:5 and /etc/apt/sources.list.d/ubuntu-mirrors.list:13
W: Target Packages (restricted/binary-all/Packages) is configured multiple times in /etc/apt/sources.list.d/ubuntu-mirrors.list:5 and /etc/apt/sources.list.d/ubuntu-mirrors.list:13
W: Target Translations (restricted/i18n/Translation-en) is configured multiple times in /etc/apt/sources.list.d/ubuntu-mirrors.list:5 and /etc/apt/sources.list.d/ubuntu-mirrors.list:13
W: Target DEP-11 (restricted/dep11/Components-amd64.yml) is configured multiple times in /etc/apt/sources.list.d/ubuntu-mirrors.list:5 and /etc/apt/sources.list.d/ubuntu-mirrors.list:13
W: Target DEP-11 (restricted/dep11/Components-all.yml) is configured multiple times in /etc/apt/sources.list.d/ubuntu-mirrors.list:5 and /etc/apt/sources.list.d/ubuntu-mirrors.list:13
W: Target CNF (restricted/cnf/Commands-amd64) is configured multiple times in /etc/apt/sources.list.d/ubuntu-mirrors.list:5 and /etc/apt/sources.list.d/ubuntu-mirrors.list:13
W: Target CNF (restricted/cnf/Commands-all) is configured multiple times in /etc/apt/sources.list.d/ubuntu-mirrors.list:5 and /etc/apt/sources.list.d/ubuntu-mirrors.list:13
W: Target Packages (universe/binary-amd64/Packages) is configured multiple times in /etc/apt/sources.list.d/ubuntu-mirrors.list:5 and /etc/apt/sources.list.d/ubuntu-mirrors.list:13
W: Target Packages (universe/binary-all/Packages) is configured multiple times in /etc/apt/sources.list.d/ubuntu-mirrors.list:5 and /etc/apt/sources.list.d/ubuntu-mirrors.list:13
W: Target Translations (universe/i18n/Translation-en) is configured multiple times in /etc/apt/sources.list.d/ubuntu-mirrors.list:5 and /etc/apt/sources.list.d/ubuntu-mirrors.list:13
W: Target DEP-11 (universe/dep11/Components-amd64.yml) is configured multiple times in /etc/apt/sources.list.d/ubuntu-mirrors.list:5 and /etc/apt/sources.list.d/ubuntu-mirrors.list:13
W: Target DEP-11 (universe/dep11/Components-all.yml) is configured multiple times in /etc/apt/sources.list.d/ubuntu-mirrors.list:5 and /etc/apt/sources.list.d/ubuntu-mirrors.list:13
W: Target CNF (universe/cnf/Commands-amd64) is configured multiple times in /etc/apt/sources.list.d/ubuntu-mirrors.list:5 and /etc/apt/sources.list.d/ubuntu-mirrors.list:13
W: Target CNF (universe/cnf/Commands-all) is configured multiple times in /etc/apt/sources.list.d/ubuntu-mirrors.list:5 and /etc/apt/sources.list.d/ubuntu-mirrors.list:13
W: Target Packages (multiverse/binary-amd64/Packages) is configured multiple times in /etc/apt/sources.list.d/ubuntu-mirrors.list:5 and /etc/apt/sources.list.d/ubuntu-mirrors.list:13
W: Target Packages (multiverse/binary-all/Packages) is configured multiple times in /etc/apt/sources.list.d/ubuntu-mirrors.list:5 and /etc/apt/sources.list.d/ubuntu-mirrors.list:13
W: Target Translations (multiverse/i18n/Translation-en) is configured multiple times in /etc/apt/sources.list.d/ubuntu-mirrors.list:5 and /etc/apt/sources.list.d/ubuntu-mirrors.list:13
W: Target DEP-11 (multiverse/dep11/Components-amd64.yml) is configured multiple times in /etc/apt/sources.list.d/ubuntu-mirrors.list:5 and /etc/apt/sources.list.d/ubuntu-mirrors.list:13
W: Target DEP-11 (multiverse/dep11/Components-all.yml) is configured multiple times in /etc/apt/sources.list.d/ubuntu-mirrors.list:5 and /etc/apt/sources.list.d/ubuntu-mirrors.list:13
W: Target CNF (multiverse/cnf/Commands-amd64) is configured multiple times in /etc/apt/sources.list.d/ubuntu-mirrors.list:5 and /etc/apt/sources.list.d/ubuntu-mirrors.list:13
W: Target CNF (multiverse/cnf/Commands-all) is configured multiple times in /etc/apt/sources.list.d/ubuntu-mirrors.list:5 and /etc/apt/sources.list.d/ubuntu-mirrors.list:13
W: Target Packages (main/binary-amd64/Packages) is configured multiple times in /etc/apt/sources.list.d/ubuntu-mirrors.list:6 and /etc/apt/sources.list.d/ubuntu-mirrors.list:14
W: Target Packages (main/binary-all/Packages) is configured multiple times in /etc/apt/sources.list.d/ubuntu-mirrors.list:6 and /etc/apt/sources.list.d/ubuntu-mirrors.list:14
W: Target Translations (main/i18n/Translation-en) is configured multiple times in /etc/apt/sources.list.d/ubuntu-mirrors.list:6 and /etc/apt/sources.list.d/ubuntu-mirrors.list:14
W: Target DEP-11 (main/dep11/Components-amd64.yml) is configured multiple times in /etc/apt/sources.list.d/ubuntu-mirrors.list:6 and /etc/apt/sources.list.d/ubuntu-mirrors.list:14
W: Target DEP-11 (main/dep11/Components-all.yml) is configured multiple times in /etc/apt/sources.list.d/ubuntu-mirrors.list:6 and /etc/apt/sources.list.d/ubuntu-mirrors.list:14
W: Target CNF (main/cnf/Commands-amd64) is configured multiple times in /etc/apt/sources.list.d/ubuntu-mirrors.list:6 and /etc/apt/sources.list.d/ubuntu-mirrors.list:14
W: Target CNF (main/cnf/Commands-all) is configured multiple times in /etc/apt/sources.list.d/ubuntu-mirrors.list:6 and /etc/apt/sources.list.d/ubuntu-mirrors.list:14
W: Target Packages (restricted/binary-amd64/Packages) is configured multiple times in /etc/apt/sources.list.d/ubuntu-mirrors.list:6 and /etc/apt/sources.list.d/ubuntu-mirrors.list:14
W: Target Packages (restricted/binary-all/Packages) is configured multiple times in /etc/apt/sources.list.d/ubuntu-mirrors.list:6 and /etc/apt/sources.list.d/ubuntu-mirrors.list:14
W: Target Translations (restricted/i18n/Translation-en) is configured multiple times in /etc/apt/sources.list.d/ubuntu-mirrors.list:6 and /etc/apt/sources.list.d/ubuntu-mirrors.list:14
W: Target DEP-11 (restricted/dep11/Components-amd64.yml) is configured multiple times in /etc/apt/sources.list.d/ubuntu-mirrors.list:6 and /etc/apt/sources.list.d/ubuntu-mirrors.list:14
W: Target DEP-11 (restricted/dep11/Components-all.yml) is configured multiple times in /etc/apt/sources.list.d/ubuntu-mirrors.list:6 and /etc/apt/sources.list.d/ubuntu-mirrors.list:14
W: Target CNF (restricted/cnf/Commands-amd64) is configured multiple times in /etc/apt/sources.list.d/ubuntu-mirrors.list:6 and /etc/apt/sources.list.d/ubuntu-mirrors.list:14
W: Target CNF (restricted/cnf/Commands-all) is configured multiple times in /etc/apt/sources.list.d/ubuntu-mirrors.list:6 and /etc/apt/sources.list.d/ubuntu-mirrors.list:14
W: Target Packages (universe/binary-amd64/Packages) is configured multiple times in /etc/apt/sources.list.d/ubuntu-mirrors.list:6 and /etc/apt/sources.list.d/ubuntu-mirrors.list:14
W: Target Packages (universe/binary-all/Packages) is configured multiple times in /etc/apt/sources.list.d/ubuntu-mirrors.list:6 and /etc/apt/sources.list.d/ubuntu-mirrors.list:14
W: Target Translations (universe/i18n/Translation-en) is configured multiple times in /etc/apt/sources.list.d/ubuntu-mirrors.list:6 and /etc/apt/sources.list.d/ubuntu-mirrors.list:14
W: Target DEP-11 (universe/dep11/Components-amd64.yml) is configured multiple times in /etc/apt/sources.list.d/ubuntu-mirrors.list:6 and /etc/apt/sources.list.d/ubuntu-mirrors.list:14
W: Target DEP-11 (universe/dep11/Components-all.yml) is configured multiple times in /etc/apt/sources.list.d/ubuntu-mirrors.list:6 and /etc/apt/sources.list.d/ubuntu-mirrors.list:14
W: Target CNF (universe/cnf/Commands-amd64) is configured multiple times in /etc/apt/sources.list.d/ubuntu-mirrors.list:6 and /etc/apt/sources.list.d/ubuntu-mirrors.list:14
W: Target CNF (universe/cnf/Commands-all) is configured multiple times in /etc/apt/sources.list.d/ubuntu-mirrors.list:6 and /etc/apt/sources.list.d/ubuntu-mirrors.list:14
W: Target Packages (multiverse/binary-amd64/Packages) is configured multiple times in /etc/apt/sources.list.d/ubuntu-mirrors.list:6 and /etc/apt/sources.list.d/ubuntu-mirrors.list:14
W: Target Packages (multiverse/binary-all/Packages) is configured multiple times in /etc/apt/sources.list.d/ubuntu-mirrors.list:6 and /etc/apt/sources.list.d/ubuntu-mirrors.list:14
W: Target Translations (multiverse/i18n/Translation-en) is configured multiple times in /etc/apt/sources.list.d/ubuntu-mirrors.list:6 and /etc/apt/sources.list.d/ubuntu-mirrors.list:14
W: Target DEP-11 (multiverse/dep11/Components-amd64.yml) is configured multiple times in /etc/apt/sources.list.d/ubuntu-mirrors.list:6 and /etc/apt/sources.list.d/ubuntu-mirrors.list:14
W: Target DEP-11 (multiverse/dep11/Components-all.yml) is configured multiple times in /etc/apt/sources.list.d/ubuntu-mirrors.list:6 and /etc/apt/sources.list.d/ubuntu-mirrors.list:14
W: Target CNF (multiverse/cnf/Commands-amd64) is configured multiple times in /etc/apt/sources.list.d/ubuntu-mirrors.list:6 and /etc/apt/sources.list.d/ubuntu-mirrors.list:14
W: Target CNF (multiverse/cnf/Commands-all) is configured multiple times in /etc/apt/sources.list.d/ubuntu-mirrors.list:6 and /etc/apt/sources.list.d/ubuntu-mirrors.list:14
W: Target Packages (main/binary-amd64/Packages) is configured multiple times in /etc/apt/sources.list.d/ubuntu-mirrors.list:7 and /etc/apt/sources.list.d/ubuntu-mirrors.list:15
W: Target Packages (main/binary-all/Packages) is configured multiple times in /etc/apt/sources.list.d/ubuntu-mirrors.list:7 and /etc/apt/sources.list.d/ubuntu-mirrors.list:15
W: Target Translations (main/i18n/Translation-en) is configured multiple times in /etc/apt/sources.list.d/ubuntu-mirrors.list:7 and /etc/apt/sources.list.d/ubuntu-mirrors.list:15
W: Target DEP-11 (main/dep11/Components-amd64.yml) is configured multiple times in /etc/apt/sources.list.d/ubuntu-mirrors.list:7 and /etc/apt/sources.list.d/ubuntu-mirrors.list:15
W: Target DEP-11 (main/dep11/Components-all.yml) is configured multiple times in /etc/apt/sources.list.d/ubuntu-mirrors.list:7 and /etc/apt/sources.list.d/ubuntu-mirrors.list:15
W: Target CNF (main/cnf/Commands-amd64) is configured multiple times in /etc/apt/sources.list.d/ubuntu-mirrors.list:7 and /etc/apt/sources.list.d/ubuntu-mirrors.list:15
W: Target CNF (main/cnf/Commands-all) is configured multiple times in /etc/apt/sources.list.d/ubuntu-mirrors.list:7 and /etc/apt/sources.list.d/ubuntu-mirrors.list:15
W: Target Packages (restricted/binary-amd64/Packages) is configured multiple times in /etc/apt/sources.list.d/ubuntu-mirrors.list:7 and /etc/apt/sources.list.d/ubuntu-mirrors.list:15
W: Target Packages (restricted/binary-all/Packages) is configured multiple times in /etc/apt/sources.list.d/ubuntu-mirrors.list:7 and /etc/apt/sources.list.d/ubuntu-mirrors.list:15
W: Target Translations (restricted/i18n/Translation-en) is configured multiple times in /etc/apt/sources.list.d/ubuntu-mirrors.list:7 and /etc/apt/sources.list.d/ubuntu-mirrors.list:15
W: Target DEP-11 (restricted/dep11/Components-amd64.yml) is configured multiple times in /etc/apt/sources.list.d/ubuntu-mirrors.list:7 and /etc/apt/sources.list.d/ubuntu-mirrors.list:15
W: Target DEP-11 (restricted/dep11/Components-all.yml) is configured multiple times in /etc/apt/sources.list.d/ubuntu-mirrors.list:7 and /etc/apt/sources.list.d/ubuntu-mirrors.list:15
W: Target CNF (restricted/cnf/Commands-amd64) is configured multiple times in /etc/apt/sources.list.d/ubuntu-mirrors.list:7 and /etc/apt/sources.list.d/ubuntu-mirrors.list:15
W: Target CNF (restricted/cnf/Commands-all) is configured multiple times in /etc/apt/sources.list.d/ubuntu-mirrors.list:7 and /etc/apt/sources.list.d/ubuntu-mirrors.list:15
W: Target Packages (universe/binary-amd64/Packages) is configured multiple times in /etc/apt/sources.list.d/ubuntu-mirrors.list:7 and /etc/apt/sources.list.d/ubuntu-mirrors.list:15
W: Target Packages (universe/binary-all/Packages) is configured multiple times in /etc/apt/sources.list.d/ubuntu-mirrors.list:7 and /etc/apt/sources.list.d/ubuntu-mirrors.list:15
W: Target Translations (universe/i18n/Translation-en) is configured multiple times in /etc/apt/sources.list.d/ubuntu-mirrors.list:7 and /etc/apt/sources.list.d/ubuntu-mirrors.list:15
W: Target DEP-11 (universe/dep11/Components-amd64.yml) is configured multiple times in /etc/apt/sources.list.d/ubuntu-mirrors.list:7 and /etc/apt/sources.list.d/ubuntu-mirrors.list:15
W: Target DEP-11 (universe/dep11/Components-all.yml) is configured multiple times in /etc/apt/sources.list.d/ubuntu-mirrors.list:7 and /etc/apt/sources.list.d/ubuntu-mirrors.list:15
W: Target CNF (universe/cnf/Commands-amd64) is configured multiple times in /etc/apt/sources.list.d/ubuntu-mirrors.list:7 and /etc/apt/sources.list.d/ubuntu-mirrors.list:15
W: Target CNF (universe/cnf/Commands-all) is configured multiple times in /etc/apt/sources.list.d/ubuntu-mirrors.list:7 and /etc/apt/sources.list.d/ubuntu-mirrors.list:15
W: Target Packages (multiverse/binary-amd64/Packages) is configured multiple times in /etc/apt/sources.list.d/ubuntu-mirrors.list:7 and /etc/apt/sources.list.d/ubuntu-mirrors.list:15
W: Target Packages (multiverse/binary-all/Packages) is configured multiple times in /etc/apt/sources.list.d/ubuntu-mirrors.list:7 and /etc/apt/sources.list.d/ubuntu-mirrors.list:15
W: Target Translations (multiverse/i18n/Translation-en) is configured multiple times in /etc/apt/sources.list.d/ubuntu-mirrors.list:7 and /etc/apt/sources.list.d/ubuntu-mirrors.list:15
W: Target DEP-11 (multiverse/dep11/Components-amd64.yml) is configured multiple times in /etc/apt/sources.list.d/ubuntu-mirrors.list:7 and /etc/apt/sources.list.d/ubuntu-mirrors.list:15
W: Target DEP-11 (multiverse/dep11/Components-all.yml) is configured multiple times in /etc/apt/sources.list.d/ubuntu-mirrors.list:7 and /etc/apt/sources.list.d/ubuntu-mirrors.list:15
W: Target CNF (multiverse/cnf/Commands-amd64) is configured multiple times in /etc/apt/sources.list.d/ubuntu-mirrors.list:7 and /etc/apt/sources.list.d/ubuntu-mirrors.list:15
W: Target CNF (multiverse/cnf/Commands-all) is configured multiple times in /etc/apt/sources.list.d/ubuntu-mirrors.list:7 and /etc/apt/sources.list.d/ubuntu-mirrors.list:15
W: Target Packages (main/binary-amd64/Packages) is configured multiple times in /etc/apt/sources.list.d/ubuntu-mirrors.list:8 and /etc/apt/sources.list.d/ubuntu-mirrors.list:16
W: Target Packages (main/binary-all/Packages) is configured multiple times in /etc/apt/sources.list.d/ubuntu-mirrors.list:8 and /etc/apt/sources.list.d/ubuntu-mirrors.list:16
W: Target Translations (main/i18n/Translation-en) is configured multiple times in /etc/apt/sources.list.d/ubuntu-mirrors.list:8 and /etc/apt/sources.list.d/ubuntu-mirrors.list:16
W: Target DEP-11 (main/dep11/Components-amd64.yml) is configured multiple times in /etc/apt/sources.list.d/ubuntu-mirrors.list:8 and /etc/apt/sources.list.d/ubuntu-mirrors.list:16
W: Target DEP-11 (main/dep11/Components-all.yml) is configured multiple times in /etc/apt/sources.list.d/ubuntu-mirrors.list:8 and /etc/apt/sources.list.d/ubuntu-mirrors.list:16
W: Target CNF (main/cnf/Commands-amd64) is configured multiple times in /etc/apt/sources.list.d/ubuntu-mirrors.list:8 and /etc/apt/sources.list.d/ubuntu-mirrors.list:16
W: Target CNF (main/cnf/Commands-all) is configured multiple times in /etc/apt/sources.list.d/ubuntu-mirrors.list:8 and /etc/apt/sources.list.d/ubuntu-mirrors.list:16
W: Target Packages (restricted/binary-amd64/Packages) is configured multiple times in /etc/apt/sources.list.d/ubuntu-mirrors.list:8 and /etc/apt/sources.list.d/ubuntu-mirrors.list:16
W: Target Packages (restricted/binary-all/Packages) is configured multiple times in /etc/apt/sources.list.d/ubuntu-mirrors.list:8 and /etc/apt/sources.list.d/ubuntu-mirrors.list:16
W: Target Translations (restricted/i18n/Translation-en) is configured multiple times in /etc/apt/sources.list.d/ubuntu-mirrors.list:8 and /etc/apt/sources.list.d/ubuntu-mirrors.list:16
W: Target DEP-11 (restricted/dep11/Components-amd64.yml) is configured multiple times in /etc/apt/sources.list.d/ubuntu-mirrors.list:8 and /etc/apt/sources.list.d/ubuntu-mirrors.list:16
W: Target DEP-11 (restricted/dep11/Components-all.yml) is configured multiple times in /etc/apt/sources.list.d/ubuntu-mirrors.list:8 and /etc/apt/sources.list.d/ubuntu-mirrors.list:16
W: Target CNF (restricted/cnf/Commands-amd64) is configured multiple times in /etc/apt/sources.list.d/ubuntu-mirrors.list:8 and /etc/apt/sources.list.d/ubuntu-mirrors.list:16
W: Target CNF (restricted/cnf/Commands-all) is configured multiple times in /etc/apt/sources.list.d/ubuntu-mirrors.list:8 and /etc/apt/sources.list.d/ubuntu-mirrors.list:16
W: Target Packages (universe/binary-amd64/Packages) is configured multiple times in /etc/apt/sources.list.d/ubuntu-mirrors.list:8 and /etc/apt/sources.list.d/ubuntu-mirrors.list:16
W: Target Packages (universe/binary-all/Packages) is configured multiple times in /etc/apt/sources.list.d/ubuntu-mirrors.list:8 and /etc/apt/sources.list.d/ubuntu-mirrors.list:16
W: Target Translations (universe/i18n/Translation-en) is configured multiple times in /etc/apt/sources.list.d/ubuntu-mirrors.list:8 and /etc/apt/sources.list.d/ubuntu-mirrors.list:16
W: Target DEP-11 (universe/dep11/Components-amd64.yml) is configured multiple times in /etc/apt/sources.list.d/ubuntu-mirrors.list:8 and /etc/apt/sources.list.d/ubuntu-mirrors.list:16
W: Target DEP-11 (universe/dep11/Components-all.yml) is configured multiple times in /etc/apt/sources.list.d/ubuntu-mirrors.list:8 and /etc/apt/sources.list.d/ubuntu-mirrors.list:16
W: Target CNF (universe/cnf/Commands-amd64) is configured multiple times in /etc/apt/sources.list.d/ubuntu-mirrors.list:8 and /etc/apt/sources.list.d/ubuntu-mirrors.list:16
W: Target CNF (universe/cnf/Commands-all) is configured multiple times in /etc/apt/sources.list.d/ubuntu-mirrors.list:8 and /etc/apt/sources.list.d/ubuntu-mirrors.list:16
W: Target Packages (multiverse/binary-amd64/Packages) is configured multiple times in /etc/apt/sources.list.d/ubuntu-mirrors.list:8 and /etc/apt/sources.list.d/ubuntu-mirrors.list:16
W: Target Packages (multiverse/binary-all/Packages) is configured multiple times in /etc/apt/sources.list.d/ubuntu-mirrors.list:8 and /etc/apt/sources.list.d/ubuntu-mirrors.list:16
W: Target Translations (multiverse/i18n/Translation-en) is configured multiple times in /etc/apt/sources.list.d/ubuntu-mirrors.list:8 and /etc/apt/sources.list.d/ubuntu-mirrors.list:16
W: Target DEP-11 (multiverse/dep11/Components-amd64.yml) is configured multiple times in /etc/apt/sources.list.d/ubuntu-mirrors.list:8 and /etc/apt/sources.list.d/ubuntu-mirrors.list:16
W: Target DEP-11 (multiverse/dep11/Components-all.yml) is configured multiple times in /etc/apt/sources.list.d/ubuntu-mirrors.list:8 and /etc/apt/sources.list.d/ubuntu-mirrors.list:16
W: Target CNF (multiverse/cnf/Commands-amd64) is configured multiple times in /etc/apt/sources.list.d/ubuntu-mirrors.list:8 and /etc/apt/sources.list.d/ubuntu-mirrors.list:16
W: Target CNF (multiverse/cnf/Commands-all) is configured multiple times in /etc/apt/sources.list.d/ubuntu-mirrors.list:8 and /etc/apt/sources.list.d/ubuntu-mirrors.list:16
Collecting fastapi (from -r requirements.txt (line 1))
  Using cached fastapi-0.115.12-py3-none-any.whl.metadata (27 kB)
Collecting uvicorn (from -r requirements.txt (line 2))
  Using cached uvicorn-0.34.3-py3-none-any.whl.metadata (6.5 kB)
Collecting starlette<0.47.0,>=0.40.0 (from fastapi->-r requirements.txt (line 1))
  Using cached starlette-0.46.2-py3-none-any.whl.metadata (6.2 kB)
Collecting pydantic!=1.8,!=1.8.1,!=2.0.0,!=2.0.1,!=2.1.0,<3.0.0,>=1.7.4 (from fastapi->-r requirements.txt (line 1))
  Using cached pydantic-2.11.5-py3-none-any.whl.metadata (67 kB)
Collecting typing-extensions>=4.8.0 (from fastapi->-r requirements.txt (line 1))
  Using cached typing_extensions-4.14.0-py3-none-any.whl.metadata (3.0 kB)
Collecting click>=7.0 (from uvicorn->-r requirements.txt (line 2))
  Using cached click-8.2.1-py3-none-any.whl.metadata (2.5 kB)
Collecting h11>=0.8 (from uvicorn->-r requirements.txt (line 2))
  Using cached h11-0.16.0-py3-none-any.whl.metadata (8.3 kB)
Collecting annotated-types>=0.6.0 (from pydantic!=1.8,!=1.8.1,!=2.0.0,!=2.0.1,!=2.1.0,<3.0.0,>=1.7.4->fastapi->-r requirements.txt (line 1))
  Using cached annotated_types-0.7.0-py3-none-any.whl.metadata (15 kB)
Collecting pydantic-core==2.33.2 (from pydantic!=1.8,!=1.8.1,!=2.0.0,!=2.0.1,!=2.1.0,<3.0.0,>=1.7.4->fastapi->-r requirements.txt (line 1))
  Using cached pydantic_core-2.33.2-cp312-cp312-manylinux_2_17_x86_64.manylinux2014_x86_64.whl.metadata (6.8 kB)
Collecting typing-inspection>=0.4.0 (from pydantic!=1.8,!=1.8.1,!=2.0.0,!=2.0.1,!=2.1.0,<3.0.0,>=1.7.4->fastapi->-r requirements.txt (line 1))
  Using cached typing_inspection-0.4.1-py3-none-any.whl.metadata (2.6 kB)
Collecting anyio<5,>=3.6.2 (from starlette<0.47.0,>=0.40.0->fastapi->-r requirements.txt (line 1))
  Using cached anyio-4.9.0-py3-none-any.whl.metadata (4.7 kB)
Collecting idna>=2.8 (from anyio<5,>=3.6.2->starlette<0.47.0,>=0.40.0->fastapi->-r requirements.txt (line 1))
  Using cached idna-3.10-py3-none-any.whl.metadata (10 kB)
Collecting sniffio>=1.1 (from anyio<5,>=3.6.2->starlette<0.47.0,>=0.40.0->fastapi->-r requirements.txt (line 1))
  Using cached sniffio-1.3.1-py3-none-any.whl.metadata (3.9 kB)
Using cached fastapi-0.115.12-py3-none-any.whl (95 kB)
Using cached uvicorn-0.34.3-py3-none-any.whl (62 kB)
Using cached click-8.2.1-py3-none-any.whl (102 kB)
Using cached h11-0.16.0-py3-none-any.whl (37 kB)
Using cached pydantic-2.11.5-py3-none-any.whl (444 kB)
Using cached pydantic_core-2.33.2-cp312-cp312-manylinux_2_17_x86_64.manylinux2014_x86_64.whl (2.0 MB)
Using cached starlette-0.46.2-py3-none-any.whl (72 kB)
Using cached typing_extensions-4.14.0-py3-none-any.whl (43 kB)
Using cached annotated_types-0.7.0-py3-none-any.whl (13 kB)
Using cached anyio-4.9.0-py3-none-any.whl (100 kB)
Using cached typing_inspection-0.4.1-py3-none-any.whl (14 kB)
Using cached idna-3.10-py3-none-any.whl (70 kB)
Using cached sniffio-1.3.1-py3-none-any.whl (10 kB)
Installing collected packages: typing-extensions, sniffio, idna, h11, click, annotated-types, uvicorn, typing-inspection, pydantic-core, anyio, starlette, pydantic, fastapi
Successfully installed annotated-types-0.7.0 anyio-4.9.0 click-8.2.1 fastapi-0.115.12 h11-0.16.0 idna-3.10 pydantic-2.11.5 pydantic-core-2.33.2 sniffio-1.3.1 starlette-0.46.2 typing-extensions-4.14.0 typing-inspection-0.4.1 uvicorn-0.34.3
✅ Nova Core deployed: http://31.97.135.100:3000
