[✓] Agent daemonized: runs every 15m
[✓] Frontend terminal injected at http://31.97.135.100:5050
[✓] GitHub sync complete.
2025/06/11 18:37:15 Failed to create file system for "gdrive:guardian_backups": couldn't find root directory ID: googleapi: Error 401: Request had invalid authentication credentials. Expected OAuth 2 access token, login cookie or other valid authentication credential. See https://developers.google.com/identity/sign-in/web/devconsole-project.
More details:
Reason: authError, Message: Invalid Credentials
[✓] Drive sync complete.
[i] No actionable fix found.
[✓] Sentinel Daemon Installed. Runs every 15m.
[i] No actionable fix found.
/bin/sh: 1: guardian_run: not found
/bin/sh: 1: guardian_run: not found
/bin/sh: 1: guardian_run: not found
/bin/sh: 1: guardian_run: not found
/bin/sh: 1: guardian_run: not found
/bin/sh: 1: guardian_run: not found
/bin/sh: 1: guardian_run: not found
/bin/sh: 1: guardian_run: not found
/bin/sh: 1: guardian_run: not found
/bin/sh: 1: guardian_run: not found
/bin/sh: 1: guardian_run: not found
/bin/sh: 1: guardian_run: not found
/bin/sh: 1: guardian_run: not found
/bin/sh: 1: guardian_run: not found
/bin/sh: 1: guardian_run: not found
  File "/opt/guardian/agents/self_heal_orchestrator.py", line 41
    FLASK_APP = f\"\"\"from flask import Flask, render_template, send_file, request, jsonify
                  ^
SyntaxError: unexpected character after line continuation character
/bin/sh: 1: guardian_run: not found
  File "/opt/guardian/agents/self_heal_orchestrator.py", line 41
    FLASK_APP = f\"\"\"from flask import Flask, render_template, send_file, request, jsonify
                  ^
SyntaxError: unexpected character after line continuation character
  File "/opt/guardian/agents/self_heal_orchestrator.py", line 41
    FLASK_APP = f\"\"\"from flask import Flask, render_template, send_file, request, jsonify
                  ^
SyntaxError: unexpected character after line continuation character
  File "/opt/guardian/agents/self_heal_orchestrator.py", line 41
    FLASK_APP = f\"\"\"from flask import Flask, render_template, send_file, request, jsonify
                  ^
SyntaxError: unexpected character after line continuation character
/bin/sh: 1: guardian_run: not found
  File "/opt/guardian/agents/self_heal_orchestrator.py", line 41
    FLASK_APP = f\"\"\"from flask import Flask, render_template, send_file, request, jsonify
                  ^
SyntaxError: unexpected character after line continuation character
  File "/opt/guardian/agents/self_heal_orchestrator.py", line 41
    FLASK_APP = f\"\"\"from flask import Flask, render_template, send_file, request, jsonify
                  ^
SyntaxError: unexpected character after line continuation character
/bin/sh: 1: guardian_run: not found
  File "/opt/guardian/agents/self_heal_orchestrator.py", line 41
    FLASK_APP = f\"\"\"from flask import Flask, render_template, send_file, request, jsonify
                  ^
SyntaxError: unexpected character after line continuation character
  File "/opt/guardian/agents/self_heal_orchestrator.py", line 41
    FLASK_APP = f\"\"\"from flask import Flask, render_template, send_file, request, jsonify
                  ^
SyntaxError: unexpected character after line continuation character
  File "/opt/guardian/agents/self_heal_orchestrator.py", line 41
    FLASK_APP = f\"\"\"from flask import Flask, render_template, send_file, request, jsonify
                  ^
SyntaxError: unexpected character after line continuation character
/bin/sh: 1: guardian_run: not found
  File "/opt/guardian/agents/self_heal_orchestrator.py", line 41
    FLASK_APP = f\"\"\"from flask import Flask, render_template, send_file, request, jsonify
                  ^
SyntaxError: unexpected character after line continuation character
  File "/opt/guardian/agents/self_heal_orchestrator.py", line 41
    FLASK_APP = f\"\"\"from flask import Flask, render_template, send_file, request, jsonify
                  ^
SyntaxError: unexpected character after line continuation character
/bin/sh: 1: guardian_run: not found
  File "/opt/guardian/agents/self_heal_orchestrator.py", line 41
    FLASK_APP = f\"\"\"from flask import Flask, render_template, send_file, request, jsonify
                  ^
SyntaxError: unexpected character after line continuation character
  File "/opt/guardian/agents/self_heal_orchestrator.py", line 41
    FLASK_APP = f\"\"\"from flask import Flask, render_template, send_file, request, jsonify
                  ^
SyntaxError: unexpected character after line continuation character
  File "/opt/guardian/agents/self_heal_orchestrator.py", line 41
    FLASK_APP = f\"\"\"from flask import Flask, render_template, send_file, request, jsonify
                  ^
SyntaxError: unexpected character after line continuation character
/bin/sh: 1: guardian_run: not found
  File "/opt/guardian/agents/self_heal_orchestrator.py", line 41
    FLASK_APP = f\"\"\"from flask import Flask, render_template, send_file, request, jsonify
                  ^
SyntaxError: unexpected character after line continuation character
  File "/opt/guardian/agents/self_heal_orchestrator.py", line 41
    FLASK_APP = f\"\"\"from flask import Flask, render_template, send_file, request, jsonify
                  ^
SyntaxError: unexpected character after line continuation character
/bin/sh: 1: guardian_run: not found
  File "/opt/guardian/agents/self_heal_orchestrator.py", line 41
    FLASK_APP = f\"\"\"from flask import Flask, render_template, send_file, request, jsonify
                  ^
SyntaxError: unexpected character after line continuation character
  File "/opt/guardian/agents/self_heal_orchestrator.py", line 76
    python3 -m venv "$VENV"
               ^^^^
SyntaxError: invalid syntax
  File "/opt/guardian/agents/self_heal_orchestrator.py", line 76
    python3 -m venv "$VENV"
               ^^^^
SyntaxError: invalid syntax
/bin/sh: 1: guardian_run: not found
  File "/opt/guardian/agents/self_heal_orchestrator.py", line 76
    python3 -m venv "$VENV"
               ^^^^
SyntaxError: invalid syntax
Traceback (most recent call last):
  File "/opt/guardian/agents/self_heal_orchestrator.py", line 3, in <module>
    from flask import Flask, render_template, jsonify, request
ModuleNotFoundError: No module named 'flask'
/bin/sh: 1: guardian_run: not found
Traceback (most recent call last):
  File "/opt/guardian/agents/self_heal_orchestrator.py", line 3, in <module>
    from flask import Flask, render_template, jsonify, request
ModuleNotFoundError: No module named 'flask'
Traceback (most recent call last):
  File "/opt/guardian/agents/self_heal_orchestrator.py", line 3, in <module>
    from flask import Flask, render_template, jsonify, request
ModuleNotFoundError: No module named 'flask'
Traceback (most recent call last):
  File "/opt/guardian/agents/self_heal_orchestrator.py", line 3, in <module>
    from flask import Flask, render_template, jsonify, request
ModuleNotFoundError: No module named 'flask'
/bin/sh: 1: guardian_run: not found
Traceback (most recent call last):
  File "/opt/guardian/agents/self_heal_orchestrator.py", line 3, in <module>
    from flask import Flask, render_template, jsonify, request
ModuleNotFoundError: No module named 'flask'
Traceback (most recent call last):
  File "/opt/guardian/agents/self_heal_orchestrator.py", line 3, in <module>
    from flask import Flask, render_template, jsonify, request
ModuleNotFoundError: No module named 'flask'
/bin/sh: 1: guardian_run: not found
Traceback (most recent call last):
  File "/opt/guardian/agents/self_heal_orchestrator.py", line 3, in <module>
    from flask import Flask, render_template, jsonify, request
ModuleNotFoundError: No module named 'flask'
Traceback (most recent call last):
  File "/opt/guardian/agents/self_heal_orchestrator.py", line 3, in <module>
    from flask import Flask, render_template, jsonify, request
ModuleNotFoundError: No module named 'flask'
Traceback (most recent call last):
  File "/opt/guardian/agents/self_heal_orchestrator.py", line 3, in <module>
    from flask import Flask, render_template, jsonify, request
ModuleNotFoundError: No module named 'flask'
/bin/sh: 1: guardian_run: not found
Traceback (most recent call last):
  File "/opt/guardian/agents/self_heal_orchestrator.py", line 3, in <module>
    from flask import Flask, render_template, jsonify, request
ModuleNotFoundError: No module named 'flask'
Traceback (most recent call last):
  File "/opt/guardian/agents/self_heal_orchestrator.py", line 3, in <module>
    from flask import Flask, render_template, jsonify, request
ModuleNotFoundError: No module named 'flask'
/bin/sh: 1: guardian_run: not found
Traceback (most recent call last):
  File "/opt/guardian/agents/self_heal_orchestrator.py", line 3, in <module>
    from flask import Flask, render_template, jsonify, request
ModuleNotFoundError: No module named 'flask'
Traceback (most recent call last):
  File "/opt/guardian/agents/self_heal_orchestrator.py", line 3, in <module>
    from flask import Flask, render_template, jsonify, request
ModuleNotFoundError: No module named 'flask'
Traceback (most recent call last):
  File "/opt/guardian/agents/self_heal_orchestrator.py", line 3, in <module>
    from flask import Flask, render_template, jsonify, request
ModuleNotFoundError: No module named 'flask'
/bin/sh: 1: guardian_run: not found
Traceback (most recent call last):
  File "/opt/guardian/agents/self_heal_orchestrator.py", line 3, in <module>
    from flask import Flask, render_template, jsonify, request
ModuleNotFoundError: No module named 'flask'
Traceback (most recent call last):
  File "/opt/guardian/agents/self_heal_orchestrator.py", line 3, in <module>
    from flask import Flask, render_template, jsonify, request
ModuleNotFoundError: No module named 'flask'
/bin/sh: 1: guardian_run: not found
Traceback (most recent call last):
  File "/opt/guardian/agents/self_heal_orchestrator.py", line 3, in <module>
    from flask import Flask, render_template, jsonify, request
ModuleNotFoundError: No module named 'flask'
Traceback (most recent call last):
  File "/opt/guardian/agents/self_heal_orchestrator.py", line 3, in <module>
    from flask import Flask, render_template, jsonify, request
ModuleNotFoundError: No module named 'flask'
/bin/sh: 1: /opt/guardian/agents/self_heal_orchestrator.py: not found
/bin/sh: 1: guardian_run: not found
/bin/sh: 1: /opt/guardian/agents/self_heal_orchestrator.py: not found
/bin/sh: 1: /opt/guardian/agents/self_heal_orchestrator.py: not found
/bin/sh: 1: /opt/guardian/agents/self_heal_orchestrator.py: not found
/bin/sh: 1: guardian_run: not found
/bin/sh: 1: /opt/guardian/agents/self_heal_orchestrator.py: not found
/bin/sh: 1: /opt/guardian/agents/self_heal_orchestrator.py: not found
/bin/sh: 1: guardian_run: not found
/bin/sh: 1: /opt/guardian/agents/self_heal_orchestrator.py: not found
/bin/sh: 1: /opt/guardian/agents/self_heal_orchestrator.py: not found
/bin/sh: 1: /opt/guardian/agents/self_heal_orchestrator.py: not found
/bin/sh: 1: guardian_run: not found
/bin/sh: 1: /opt/guardian/agents/self_heal_orchestrator.py: not found
/bin/sh: 1: /opt/guardian/agents/self_heal_orchestrator.py: not found
/bin/sh: 1: guardian_run: not found
/bin/sh: 1: /opt/guardian/agents/self_heal_orchestrator.py: not found
/bin/sh: 1: /opt/guardian/agents/self_heal_orchestrator.py: not found
/bin/sh: 1: /opt/guardian/agents/self_heal_orchestrator.py: not found
/bin/sh: 1: guardian_run: not found
/bin/sh: 1: /opt/guardian/agents/self_heal_orchestrator.py: not found
/bin/sh: 1: /opt/guardian/agents/self_heal_orchestrator.py: not found
/bin/sh: 1: guardian_run: not found
/bin/sh: 1: /opt/guardian/agents/self_heal_orchestrator.py: not found
/bin/sh: 1: /opt/guardian/agents/self_heal_orchestrator.py: not found
/bin/sh: 1: /opt/guardian/agents/self_heal_orchestrator.py: not found
/bin/sh: 1: guardian_run: not found
/bin/sh: 1: /opt/guardian/agents/self_heal_orchestrator.py: not found
/bin/sh: 1: /opt/guardian/agents/self_heal_orchestrator.py: not found
/bin/sh: 1: guardian_run: not found
/bin/sh: 1: /opt/guardian/agents/self_heal_orchestrator.py: not found
/bin/sh: 1: /opt/guardian/agents/self_heal_orchestrator.py: not found
/bin/sh: 1: /opt/guardian/agents/self_heal_orchestrator.py: not found
/bin/sh: 1: guardian_run: not found
/bin/sh: 1: /opt/guardian/agents/self_heal_orchestrator.py: not found
/bin/sh: 1: /opt/guardian/agents/self_heal_orchestrator.py: not found
/bin/sh: 1: guardian_run: not found
/bin/sh: 1: /opt/guardian/agents/self_heal_orchestrator.py: not found
/bin/sh: 1: /opt/guardian/agents/self_heal_orchestrator.py: not found
/bin/sh: 1: /opt/guardian/agents/self_heal_orchestrator.py: not found
/bin/sh: 1: guardian_run: not found
/bin/sh: 1: /opt/guardian/agents/self_heal_orchestrator.py: not found
/bin/sh: 1: /opt/guardian/agents/self_heal_orchestrator.py: not found
/bin/sh: 1: guardian_run: not found
/bin/sh: 1: /opt/guardian/agents/self_heal_orchestrator.py: not found
/bin/sh: 1: /opt/guardian/agents/self_heal_orchestrator.py: not found
/bin/sh: 1: /opt/guardian/agents/self_heal_orchestrator.py: not found
/bin/sh: 1: guardian_run: not found
/bin/sh: 1: /opt/guardian/agents/self_heal_orchestrator.py: not found
/bin/sh: 1: /opt/guardian/agents/self_heal_orchestrator.py: not found
/bin/sh: 1: guardian_run: not found
/bin/sh: 1: /opt/guardian/agents/self_heal_orchestrator.py: not found
/bin/sh: 1: /opt/guardian/agents/self_heal_orchestrator.py: not found
/bin/sh: 1: /opt/guardian/agents/self_heal_orchestrator.py: not found
/bin/sh: 1: guardian_run: not found
/bin/sh: 1: /opt/guardian/agents/self_heal_orchestrator.py: not found
/bin/sh: 1: /opt/guardian/agents/self_heal_orchestrator.py: not found
/bin/sh: 1: guardian_run: not found
/bin/sh: 1: /opt/guardian/agents/self_heal_orchestrator.py: not found
/bin/sh: 1: /opt/guardian/agents/self_heal_orchestrator.py: not found
/bin/sh: 1: /opt/guardian/agents/self_heal_orchestrator.py: not found
/bin/sh: 1: guardian_run: not found
/bin/sh: 1: /opt/guardian/agents/self_heal_orchestrator.py: not found
/bin/sh: 1: /opt/guardian/agents/self_heal_orchestrator.py: not found
/bin/sh: 1: guardian_run: not found
/bin/sh: 1: /opt/guardian/agents/self_heal_orchestrator.py: not found
/bin/sh: 1: /opt/guardian/agents/self_heal_orchestrator.py: not found
/bin/sh: 1: guardian_run: not found
/bin/sh: 1: /opt/guardian/agents/self_heal_orchestrator.py: not found
/bin/sh: 1: /opt/guardian/agents/self_heal_orchestrator.py: not found
/bin/sh: 1: /opt/guardian/agents/self_heal_orchestrator.py: not found
/bin/sh: 1: guardian_run: not found
/bin/sh: 1: /opt/guardian/agents/self_heal_orchestrator.py: not found
/bin/sh: 1: /opt/guardian/agents/self_heal_orchestrator.py: not found
/bin/sh: 1: /opt/guardian/agents/self_heal_orchestrator.py: not found
/bin/sh: 1: guardian_run: not found
/bin/sh: 1: /opt/guardian/agents/self_heal_orchestrator.py: not found
/bin/sh: 1: /opt/guardian/agents/self_heal_orchestrator.py: not found
/bin/sh: 1: guardian_run: not found
/bin/sh: 1: /opt/guardian/agents/self_heal_orchestrator.py: not found
/bin/sh: 1: /opt/guardian/agents/self_heal_orchestrator.py: not found
/bin/sh: 1: /opt/guardian/agents/self_heal_orchestrator.py: not found
/bin/sh: 1: guardian_run: not found
/bin/sh: 1: /opt/guardian/agents/self_heal_orchestrator.py: not found
