top - 18:34:49 up 1 day, 22:07,  7 users,  load average: 0.02, 0.03, 0.00
Tasks: 183 total,   2 running, 181 sleeping,   0 stopped,   0 zombie
%Cpu(s):  1.2 us,  1.2 sy,  0.0 ni, 97.7 id,  0.0 wa,  0.0 hi,  0.0 si,  0.0 st 
MiB Mem :  32094.9 total,  28094.4 free,    836.6 used,   3628.4 buff/cache     
MiB Swap:      0.0 total,      0.0 free,      0.0 used.  31258.3 avail Mem 

    PID USER      PR  NI    VIRT    RES    SHR S  %CPU  %MEM     TIME+ COMMAND
 176454 root      20   0   35824  25656  10496 R  72.7   0.1   0:00.08 uvicorn
   5237 root      19  -1  190052 133120 132224 S   9.1   0.4   0:40.71 systemd+
 176452 root      20   0   12364   5504   3456 R   9.1   0.0   0:00.01 top
      1 root      20   0   22712  13952   9600 S   0.0   0.0   1:49.62 systemd
      2 root      20   0       0      0      0 S   0.0   0.0   0:00.07 kthreadd
      3 root      20   0       0      0      0 S   0.0   0.0   0:00.00 pool_wo+
      4 root       0 -20       0      0      0 I   0.0   0.0   0:00.00 kworker+
      5 root       0 -20       0      0      0 I   0.0   0.0   0:00.00 kworker+
      6 root       0 -20       0      0      0 I   0.0   0.0   0:00.00 kworker+
      7 root       0 -20       0      0      0 I   0.0   0.0   0:00.00 kworker+
      9 root       0 -20       0      0      0 I   0.0   0.0   0:00.00 kworker+
     12 root       0 -20       0      0      0 I   0.0   0.0   0:00.00 kworker+
     13 root      20   0       0      0      0 I   0.0   0.0   0:00.00 rcu_tas+
top - 18:38:51 up 1 day, 22:11,  7 users,  load average: 0.04, 0.05, 0.00
Tasks: 178 total,   1 running, 177 sleeping,   0 stopped,   0 zombie
%Cpu(s):  0.0 us,  1.2 sy,  0.0 ni, 98.8 id,  0.0 wa,  0.0 hi,  0.0 si,  0.0 st 
MiB Mem :  32094.9 total,  28044.4 free,    819.0 used,   3696.1 buff/cache     
MiB Swap:      0.0 total,      0.0 free,      0.0 used.  31275.9 avail Mem 

    PID USER      PR  NI    VIRT    RES    SHR S  %CPU  %MEM     TIME+ COMMAND
 176713 root      20   0   12364   5504   3456 R  10.0   0.0   0:00.01 top
      1 root      20   0   22712  13952   9600 S   0.0   0.0   1:49.97 systemd
      2 root      20   0       0      0      0 S   0.0   0.0   0:00.07 kthreadd
      3 root      20   0       0      0      0 S   0.0   0.0   0:00.00 pool_wo+
      4 root       0 -20       0      0      0 I   0.0   0.0   0:00.00 kworker+
      5 root       0 -20       0      0      0 I   0.0   0.0   0:00.00 kworker+
      6 root       0 -20       0      0      0 I   0.0   0.0   0:00.00 kworker+
      7 root       0 -20       0      0      0 I   0.0   0.0   0:00.00 kworker+
      9 root       0 -20       0      0      0 I   0.0   0.0   0:00.00 kworker+
     12 root       0 -20       0      0      0 I   0.0   0.0   0:00.00 kworker+
     13 root      20   0       0      0      0 I   0.0   0.0   0:00.00 rcu_tas+
     14 root      20   0       0      0      0 I   0.0   0.0   0:00.00 rcu_tas+
     15 root      20   0       0      0      0 I   0.0   0.0   0:00.00 rcu_tas+
top - 18:39:25 up 1 day, 22:12,  7 users,  load average: 0.14, 0.08, 0.01
Tasks: 177 total,   1 running, 176 sleeping,   0 stopped,   0 zombie
%Cpu(s):  0.0 us,  1.2 sy,  0.0 ni, 98.8 id,  0.0 wa,  0.0 hi,  0.0 si,  0.0 st 
MiB Mem :  32094.9 total,  28033.4 free,    830.0 used,   3696.2 buff/cache     
MiB Swap:      0.0 total,      0.0 free,      0.0 used.  31264.9 avail Mem 

    PID USER      PR  NI    VIRT    RES    SHR S  %CPU  %MEM     TIME+ COMMAND
 176772 root      20   0   12364   5504   3456 R   9.1   0.0   0:00.01 top
      1 root      20   0   22712  13952   9600 S   0.0   0.0   1:50.01 systemd
      2 root      20   0       0      0      0 S   0.0   0.0   0:00.07 kthreadd
      3 root      20   0       0      0      0 S   0.0   0.0   0:00.00 pool_wo+
      4 root       0 -20       0      0      0 I   0.0   0.0   0:00.00 kworker+
      5 root       0 -20       0      0      0 I   0.0   0.0   0:00.00 kworker+
      6 root       0 -20       0      0      0 I   0.0   0.0   0:00.00 kworker+
      7 root       0 -20       0      0      0 I   0.0   0.0   0:00.00 kworker+
      9 root       0 -20       0      0      0 I   0.0   0.0   0:00.00 kworker+
     12 root       0 -20       0      0      0 I   0.0   0.0   0:00.00 kworker+
     13 root      20   0       0      0      0 I   0.0   0.0   0:00.00 rcu_tas+
     14 root      20   0       0      0      0 I   0.0   0.0   0:00.00 rcu_tas+
     15 root      20   0       0      0      0 I   0.0   0.0   0:00.00 rcu_tas+
top - 18:45:01 up 1 day, 22:17,  7 users,  load average: 0.08, 0.08, 0.02
Tasks: 180 total,   1 running, 179 sleeping,   0 stopped,   0 zombie
%Cpu(s):  4.7 us,  4.7 sy,  0.0 ni, 90.6 id,  0.0 wa,  0.0 hi,  0.0 si,  0.0 st 
MiB Mem :  32094.9 total,  28087.8 free,    818.3 used,   3653.4 buff/cache     
MiB Swap:      0.0 total,      0.0 free,      0.0 used.  31276.6 avail Mem 

    PID USER      PR  NI    VIRT    RES    SHR S  %CPU  %MEM     TIME+ COMMAND
 177854 root      20   0   12364   5504   3456 R  10.0   0.0   0:00.01 top
      1 root      20   0   22712  13824   9600 S   0.0   0.0   1:50.52 systemd
      2 root      20   0       0      0      0 S   0.0   0.0   0:00.07 kthreadd
      3 root      20   0       0      0      0 S   0.0   0.0   0:00.00 pool_wo+
      4 root       0 -20       0      0      0 I   0.0   0.0   0:00.00 kworker+
      5 root       0 -20       0      0      0 I   0.0   0.0   0:00.00 kworker+
      6 root       0 -20       0      0      0 I   0.0   0.0   0:00.00 kworker+
      7 root       0 -20       0      0      0 I   0.0   0.0   0:00.00 kworker+
      9 root       0 -20       0      0      0 I   0.0   0.0   0:00.00 kworker+
     12 root       0 -20       0      0      0 I   0.0   0.0   0:00.00 kworker+
     13 root      20   0       0      0      0 I   0.0   0.0   0:00.00 rcu_tas+
     14 root      20   0       0      0      0 I   0.0   0.0   0:00.00 rcu_tas+
     15 root      20   0       0      0      0 I   0.0   0.0   0:00.00 rcu_tas+
top - 18:54:01 up 1 day, 22:26,  7 users,  load average: 0.07, 0.06, 0.01
Tasks: 183 total,   1 running, 182 sleeping,   0 stopped,   0 zombie
%Cpu(s):  0.0 us,  1.2 sy,  0.0 ni, 98.8 id,  0.0 wa,  0.0 hi,  0.0 si,  0.0 st 
MiB Mem :  32094.9 total,  27877.9 free,    828.3 used,   3853.3 buff/cache     
MiB Swap:      0.0 total,      0.0 free,      0.0 used.  31266.6 avail Mem 

    PID USER      PR  NI    VIRT    RES    SHR S  %CPU  %MEM     TIME+ COMMAND
 179213 root      20   0   12364   5504   3456 R   9.1   0.0   0:00.01 top
      1 root      20   0   22712  13824   9600 S   0.0   0.0   1:51.32 systemd
      2 root      20   0       0      0      0 S   0.0   0.0   0:00.07 kthreadd
      3 root      20   0       0      0      0 S   0.0   0.0   0:00.00 pool_wo+
      4 root       0 -20       0      0      0 I   0.0   0.0   0:00.00 kworker+
      5 root       0 -20       0      0      0 I   0.0   0.0   0:00.00 kworker+
      6 root       0 -20       0      0      0 I   0.0   0.0   0:00.00 kworker+
      7 root       0 -20       0      0      0 I   0.0   0.0   0:00.00 kworker+
      9 root       0 -20       0      0      0 I   0.0   0.0   0:00.00 kworker+
     12 root       0 -20       0      0      0 I   0.0   0.0   0:00.00 kworker+
     13 root      20   0       0      0      0 I   0.0   0.0   0:00.00 rcu_tas+
     14 root      20   0       0      0      0 I   0.0   0.0   0:00.00 rcu_tas+
     15 root      20   0       0      0      0 I   0.0   0.0   0:00.00 rcu_tas+
top - 18:56:01 up 1 day, 22:28,  7 users,  load average: 0.02, 0.05, 0.00
Tasks: 182 total,   1 running, 181 sleeping,   0 stopped,   0 zombie
%Cpu(s):  0.0 us,  1.2 sy,  0.0 ni, 98.8 id,  0.0 wa,  0.0 hi,  0.0 si,  0.0 st 
MiB Mem :  32094.9 total,  27777.5 free,    861.4 used,   3920.6 buff/cache     
MiB Swap:      0.0 total,      0.0 free,      0.0 used.  31233.5 avail Mem 

    PID USER      PR  NI    VIRT    RES    SHR S  %CPU  %MEM     TIME+ COMMAND
 179335 root      20   0   12364   5504   3456 R   9.1   0.0   0:00.01 top
      1 root      20   0   22712  13824   9600 S   0.0   0.0   1:51.50 systemd
      2 root      20   0       0      0      0 S   0.0   0.0   0:00.07 kthreadd
      3 root      20   0       0      0      0 S   0.0   0.0   0:00.00 pool_wo+
      4 root       0 -20       0      0      0 I   0.0   0.0   0:00.00 kworker+
      5 root       0 -20       0      0      0 I   0.0   0.0   0:00.00 kworker+
      6 root       0 -20       0      0      0 I   0.0   0.0   0:00.00 kworker+
      7 root       0 -20       0      0      0 I   0.0   0.0   0:00.00 kworker+
      9 root       0 -20       0      0      0 I   0.0   0.0   0:00.00 kworker+
     12 root       0 -20       0      0      0 I   0.0   0.0   0:00.00 kworker+
     13 root      20   0       0      0      0 I   0.0   0.0   0:00.00 rcu_tas+
     14 root      20   0       0      0      0 I   0.0   0.0   0:00.00 rcu_tas+
     15 root      20   0       0      0      0 I   0.0   0.0   0:00.00 rcu_tas+
top - 18:58:01 up 1 day, 22:30,  7 users,  load average: 0.06, 0.06, 0.01
Tasks: 180 total,   1 running, 179 sleeping,   0 stopped,   0 zombie
%Cpu(s):  0.0 us,  0.0 sy,  0.0 ni,100.0 id,  0.0 wa,  0.0 hi,  0.0 si,  0.0 st 
MiB Mem :  32094.9 total,  27778.7 free,    859.9 used,   3920.9 buff/cache     
MiB Swap:      0.0 total,      0.0 free,      0.0 used.  31235.0 avail Mem 

    PID USER      PR  NI    VIRT    RES    SHR S  %CPU  %MEM     TIME+ COMMAND
 179457 root      20   0   12364   5504   3456 R   9.1   0.0   0:00.01 top
      1 root      20   0   22712  13824   9600 S   0.0   0.0   1:51.66 systemd
      2 root      20   0       0      0      0 S   0.0   0.0   0:00.07 kthreadd
      3 root      20   0       0      0      0 S   0.0   0.0   0:00.00 pool_wo+
      4 root       0 -20       0      0      0 I   0.0   0.0   0:00.00 kworker+
      5 root       0 -20       0      0      0 I   0.0   0.0   0:00.00 kworker+
      6 root       0 -20       0      0      0 I   0.0   0.0   0:00.00 kworker+
      7 root       0 -20       0      0      0 I   0.0   0.0   0:00.00 kworker+
      9 root       0 -20       0      0      0 I   0.0   0.0   0:00.00 kworker+
     12 root       0 -20       0      0      0 I   0.0   0.0   0:00.00 kworker+
     13 root      20   0       0      0      0 I   0.0   0.0   0:00.00 rcu_tas+
     14 root      20   0       0      0      0 I   0.0   0.0   0:00.00 rcu_tas+
     15 root      20   0       0      0      0 I   0.0   0.0   0:00.00 rcu_tas+
top - 19:00:01 up 1 day, 22:32,  7 users,  load average: 0.07, 0.06, 0.01
Tasks: 209 total,  10 running, 198 sleeping,   0 stopped,   1 zombie
%Cpu(s): 42.6 us, 20.2 sy,  0.0 ni, 25.5 id,  0.0 wa,  0.0 hi,  0.0 si, 11.7 st 
MiB Mem :  32094.9 total,  27749.6 free,    888.9 used,   3921.0 buff/cache     
MiB Swap:      0.0 total,      0.0 free,      0.0 used.  31206.1 avail Mem 

    PID USER      PR  NI    VIRT    RES    SHR S  %CPU  %MEM     TIME+ COMMAND
 179592 root      20   0   59616  36596  14848 R 100.0   0.1   0:00.23 aws
 179687 root      20   0   41268  27264  15104 R 100.0   0.1   0:00.11 python3
 179661 root      20   0   47764  30784  12416 R  90.9   0.1   0:00.20 python3
 179688 root      20   0   43368  29176  15360 R  90.9   0.1   0:00.10 python3
 179598 root      20   0   17316   8712   7168 S  18.2   0.0   0:00.07 apt
 179646 root      20   0   12364   5504   3456 R   9.1   0.0   0:00.01 top
 179650 root      20   0   12364   5504   3456 R   9.1   0.0   0:00.01 top
 179693 _apt      20   0   26980  14592   9728 S   9.1   0.0   0:00.01 https
      1 root      20   0   22712  13952   9600 S   0.0   0.0   1:51.85 systemd
      2 root      20   0       0      0      0 S   0.0   0.0   0:00.07 kthreadd
      3 root      20   0       0      0      0 S   0.0   0.0   0:00.00 pool_wo+
      4 root       0 -20       0      0      0 I   0.0   0.0   0:00.00 kworker+
      5 root       0 -20       0      0      0 I   0.0   0.0   0:00.00 kworker+
top - 19:00:01 up 1 day, 22:32,  7 users,  load average: 0.07, 0.06, 0.01
Tasks: 207 total,   7 running, 200 sleeping,   0 stopped,   0 zombie
%Cpu(s): 43.0 us, 20.4 sy,  0.0 ni, 25.8 id,  0.0 wa,  0.0 hi,  0.0 si, 10.8 st 
MiB Mem :  32094.9 total,  27749.6 free,    888.9 used,   3921.0 buff/cache     
MiB Swap:      0.0 total,      0.0 free,      0.0 used.  31206.1 avail Mem 

    PID USER      PR  NI    VIRT    RES    SHR S  %CPU  %MEM     TIME+ COMMAND
 179592 root      20   0   59996  36852  14848 R 100.0   0.1   0:00.23 aws
 179687 root      20   0   41268  27392  15104 R 100.0   0.1   0:00.11 python3
 179661 root      20   0   55624  32960  14080 R  90.9   0.1   0:00.20 python3
 179688 root      20   0   43368  29176  15360 R  90.9   0.1   0:00.10 python3
 179598 root      20   0   17316   8712   7168 S  18.2   0.0   0:00.07 apt
 179646 root      20   0   12364   5504   3456 R   9.1   0.0   0:00.01 top
 179650 root      20   0       0      0      0 R   9.1   0.0   0:00.01 top
 179693 _apt      20   0   26980  14592   9728 S   9.1   0.0   0:00.01 https
      1 root      20   0   22712  13952   9600 S   0.0   0.0   1:51.85 systemd
      2 root      20   0       0      0      0 S   0.0   0.0   0:00.07 kthreadd
      3 root      20   0       0      0      0 S   0.0   0.0   0:00.00 pool_wo+
      4 root       0 -20       0      0      0 I   0.0   0.0   0:00.00 kworker+
      5 root       0 -20       0      0      0 I   0.0   0.0   0:00.00 kworker+
top - 19:02:02 up 1 day, 22:34,  7 users,  load average: 0.11, 0.11, 0.03
Tasks: 184 total,   1 running, 183 sleeping,   0 stopped,   0 zombie
%Cpu(s):  0.0 us,  1.2 sy,  0.0 ni, 98.8 id,  0.0 wa,  0.0 hi,  0.0 si,  0.0 st 
MiB Mem :  32094.9 total,  27793.5 free,    844.7 used,   3921.3 buff/cache     
MiB Swap:      0.0 total,      0.0 free,      0.0 used.  31250.2 avail Mem 

    PID USER      PR  NI    VIRT    RES    SHR S  %CPU  %MEM     TIME+ COMMAND
 181203 root      20   0   12332   5504   3456 R  10.0   0.0   0:00.01 top
      1 root      20   0   22584  13952   9600 S   0.0   0.0   1:52.04 systemd
      2 root      20   0       0      0      0 S   0.0   0.0   0:00.07 kthreadd
      3 root      20   0       0      0      0 S   0.0   0.0   0:00.00 pool_wo+
      4 root       0 -20       0      0      0 I   0.0   0.0   0:00.00 kworker+
      5 root       0 -20       0      0      0 I   0.0   0.0   0:00.00 kworker+
      6 root       0 -20       0      0      0 I   0.0   0.0   0:00.00 kworker+
      7 root       0 -20       0      0      0 I   0.0   0.0   0:00.00 kworker+
      9 root       0 -20       0      0      0 I   0.0   0.0   0:00.00 kworker+
     12 root       0 -20       0      0      0 I   0.0   0.0   0:00.00 kworker+
     13 root      20   0       0      0      0 I   0.0   0.0   0:00.00 rcu_tas+
     14 root      20   0       0      0      0 I   0.0   0.0   0:00.00 rcu_tas+
     15 root      20   0       0      0      0 I   0.0   0.0   0:00.00 rcu_tas+
top - 19:04:01 up 1 day, 22:36,  7 users,  load average: 0.10, 0.10, 0.03
Tasks: 183 total,   1 running, 182 sleeping,   0 stopped,   0 zombie
%Cpu(s):  8.2 us,  3.5 sy,  0.0 ni, 88.2 id,  0.0 wa,  0.0 hi,  0.0 si,  0.0 st 
MiB Mem :  32094.9 total,  27794.8 free,    843.4 used,   3921.4 buff/cache     
MiB Swap:      0.0 total,      0.0 free,      0.0 used.  31251.6 avail Mem 

    PID USER      PR  NI    VIRT    RES    SHR S  %CPU  %MEM     TIME+ COMMAND
 181319 root      20   0   12332   5504   3456 R  10.0   0.0   0:00.01 top
      1 root      20   0   22584  13952   9600 S   0.0   0.0   1:52.22 systemd
      2 root      20   0       0      0      0 S   0.0   0.0   0:00.07 kthreadd
      3 root      20   0       0      0      0 S   0.0   0.0   0:00.00 pool_wo+
      4 root       0 -20       0      0      0 I   0.0   0.0   0:00.00 kworker+
      5 root       0 -20       0      0      0 I   0.0   0.0   0:00.00 kworker+
      6 root       0 -20       0      0      0 I   0.0   0.0   0:00.00 kworker+
      7 root       0 -20       0      0      0 I   0.0   0.0   0:00.00 kworker+
      9 root       0 -20       0      0      0 I   0.0   0.0   0:00.00 kworker+
     12 root       0 -20       0      0      0 I   0.0   0.0   0:00.00 kworker+
     13 root      20   0       0      0      0 I   0.0   0.0   0:00.00 rcu_tas+
     14 root      20   0       0      0      0 I   0.0   0.0   0:00.00 rcu_tas+
     15 root      20   0       0      0      0 I   0.0   0.0   0:00.00 rcu_tas+
top - 19:06:01 up 1 day, 22:38,  7 users,  load average: 0.05, 0.09, 0.03
Tasks: 180 total,   1 running, 179 sleeping,   0 stopped,   0 zombie
%Cpu(s):  0.0 us,  1.2 sy,  0.0 ni, 98.8 id,  0.0 wa,  0.0 hi,  0.0 si,  0.0 st 
MiB Mem :  32094.9 total,  27788.6 free,    849.4 used,   3921.6 buff/cache     
MiB Swap:      0.0 total,      0.0 free,      0.0 used.  31245.6 avail Mem 

    PID USER      PR  NI    VIRT    RES    SHR S  %CPU  %MEM     TIME+ COMMAND
 181443 root      20   0   12364   5504   3456 R   9.1   0.0   0:00.01 top
      1 root      20   0   22584  13952   9600 S   0.0   0.0   1:52.39 systemd
      2 root      20   0       0      0      0 S   0.0   0.0   0:00.07 kthreadd
      3 root      20   0       0      0      0 S   0.0   0.0   0:00.00 pool_wo+
      4 root       0 -20       0      0      0 I   0.0   0.0   0:00.00 kworker+
      5 root       0 -20       0      0      0 I   0.0   0.0   0:00.00 kworker+
      6 root       0 -20       0      0      0 I   0.0   0.0   0:00.00 kworker+
      7 root       0 -20       0      0      0 I   0.0   0.0   0:00.00 kworker+
      9 root       0 -20       0      0      0 I   0.0   0.0   0:00.00 kworker+
     12 root       0 -20       0      0      0 I   0.0   0.0   0:00.00 kworker+
     13 root      20   0       0      0      0 I   0.0   0.0   0:00.00 rcu_tas+
     14 root      20   0       0      0      0 I   0.0   0.0   0:00.00 rcu_tas+
     15 root      20   0       0      0      0 I   0.0   0.0   0:00.00 rcu_tas+
top - 19:08:01 up 1 day, 22:40,  7 users,  load average: 0.00, 0.05, 0.02
Tasks: 181 total,   1 running, 180 sleeping,   0 stopped,   0 zombie
%Cpu(s):  0.0 us,  0.0 sy,  0.0 ni,100.0 id,  0.0 wa,  0.0 hi,  0.0 si,  0.0 st 
MiB Mem :  32094.9 total,  27800.9 free,    836.9 used,   3921.8 buff/cache     
MiB Swap:      0.0 total,      0.0 free,      0.0 used.  31258.1 avail Mem 

    PID USER      PR  NI    VIRT    RES    SHR S  %CPU  %MEM     TIME+ COMMAND
 181563 root      20   0   12332   5504   3456 R  10.0   0.0   0:00.01 top
      1 root      20   0   22584  14080   9600 S   0.0   0.0   1:52.56 systemd
      2 root      20   0       0      0      0 S   0.0   0.0   0:00.07 kthreadd
      3 root      20   0       0      0      0 S   0.0   0.0   0:00.00 pool_wo+
      4 root       0 -20       0      0      0 I   0.0   0.0   0:00.00 kworker+
      5 root       0 -20       0      0      0 I   0.0   0.0   0:00.00 kworker+
      6 root       0 -20       0      0      0 I   0.0   0.0   0:00.00 kworker+
      7 root       0 -20       0      0      0 I   0.0   0.0   0:00.00 kworker+
      9 root       0 -20       0      0      0 I   0.0   0.0   0:00.00 kworker+
     12 root       0 -20       0      0      0 I   0.0   0.0   0:00.00 kworker+
     13 root      20   0       0      0      0 I   0.0   0.0   0:00.00 rcu_tas+
     14 root      20   0       0      0      0 I   0.0   0.0   0:00.00 rcu_tas+
     15 root      20   0       0      0      0 I   0.0   0.0   0:00.00 rcu_tas+
top - 19:10:01 up 1 day, 22:42,  7 users,  load average: 0.04, 0.06, 0.02
Tasks: 180 total,   1 running, 179 sleeping,   0 stopped,   0 zombie
%Cpu(s):  5.9 us,  4.7 sy,  0.0 ni, 88.2 id,  0.0 wa,  0.0 hi,  1.2 si,  0.0 st 
MiB Mem :  32094.9 total,  27801.6 free,    836.1 used,   3921.9 buff/cache     
MiB Swap:      0.0 total,      0.0 free,      0.0 used.  31258.9 avail Mem 

    PID USER      PR  NI    VIRT    RES    SHR S  %CPU  %MEM     TIME+ COMMAND
 181694 root      20   0   12364   5504   3456 R   9.1   0.0   0:00.01 top
      1 root      20   0   22584  13952   9600 S   0.0   0.0   1:52.74 systemd
      2 root      20   0       0      0      0 S   0.0   0.0   0:00.07 kthreadd
      3 root      20   0       0      0      0 S   0.0   0.0   0:00.00 pool_wo+
      4 root       0 -20       0      0      0 I   0.0   0.0   0:00.00 kworker+
      5 root       0 -20       0      0      0 I   0.0   0.0   0:00.00 kworker+
      6 root       0 -20       0      0      0 I   0.0   0.0   0:00.00 kworker+
      7 root       0 -20       0      0      0 I   0.0   0.0   0:00.00 kworker+
      9 root       0 -20       0      0      0 I   0.0   0.0   0:00.00 kworker+
     12 root       0 -20       0      0      0 I   0.0   0.0   0:00.00 kworker+
     13 root      20   0       0      0      0 I   0.0   0.0   0:00.00 rcu_tas+
     14 root      20   0       0      0      0 I   0.0   0.0   0:00.00 rcu_tas+
     15 root      20   0       0      0      0 I   0.0   0.0   0:00.00 rcu_tas+
top - 19:12:02 up 1 day, 22:44,  7 users,  load average: 0.01, 0.04, 0.01
Tasks: 179 total,   1 running, 178 sleeping,   0 stopped,   0 zombie
%Cpu(s):  0.0 us,  1.2 sy,  0.0 ni, 98.8 id,  0.0 wa,  0.0 hi,  0.0 si,  0.0 st 
MiB Mem :  32094.9 total,  27781.4 free,    856.2 used,   3921.9 buff/cache     
MiB Swap:      0.0 total,      0.0 free,      0.0 used.  31238.7 avail Mem 

    PID USER      PR  NI    VIRT    RES    SHR S  %CPU  %MEM     TIME+ COMMAND
 181817 root      20   0   12364   5504   3456 R   9.1   0.0   0:00.01 top
      1 root      20   0   22584  14080   9600 S   0.0   0.0   1:52.91 systemd
      2 root      20   0       0      0      0 S   0.0   0.0   0:00.07 kthreadd
      3 root      20   0       0      0      0 S   0.0   0.0   0:00.00 pool_wo+
      4 root       0 -20       0      0      0 I   0.0   0.0   0:00.00 kworker+
      5 root       0 -20       0      0      0 I   0.0   0.0   0:00.00 kworker+
      6 root       0 -20       0      0      0 I   0.0   0.0   0:00.00 kworker+
      7 root       0 -20       0      0      0 I   0.0   0.0   0:00.00 kworker+
      9 root       0 -20       0      0      0 I   0.0   0.0   0:00.00 kworker+
     12 root       0 -20       0      0      0 I   0.0   0.0   0:00.00 kworker+
     13 root      20   0       0      0      0 I   0.0   0.0   0:00.00 rcu_tas+
     14 root      20   0       0      0      0 I   0.0   0.0   0:00.00 rcu_tas+
     15 root      20   0       0      0      0 I   0.0   0.0   0:00.00 rcu_tas+
top - 19:14:01 up 1 day, 22:46,  9 users,  load average: 0.00, 0.03, 0.00
Tasks: 183 total,   1 running, 182 sleeping,   0 stopped,   0 zombie
%Cpu(s):  0.0 us,  0.0 sy,  0.0 ni,100.0 id,  0.0 wa,  0.0 hi,  0.0 si,  0.0 st 
MiB Mem :  32094.9 total,  28019.4 free,    849.3 used,   3690.9 buff/cache     
MiB Swap:      0.0 total,      0.0 free,      0.0 used.  31245.6 avail Mem 

    PID USER      PR  NI    VIRT    RES    SHR S  %CPU  %MEM     TIME+ COMMAND
 182132 root      20   0   12364   5504   3456 R  10.0   0.0   0:00.01 top
      1 root      20   0   22584  13952   9600 S   0.0   0.0   1:53.08 systemd
      2 root      20   0       0      0      0 S   0.0   0.0   0:00.07 kthreadd
      3 root      20   0       0      0      0 S   0.0   0.0   0:00.00 pool_wo+
      4 root       0 -20       0      0      0 I   0.0   0.0   0:00.00 kworker+
      5 root       0 -20       0      0      0 I   0.0   0.0   0:00.00 kworker+
      6 root       0 -20       0      0      0 I   0.0   0.0   0:00.00 kworker+
      7 root       0 -20       0      0      0 I   0.0   0.0   0:00.00 kworker+
      9 root       0 -20       0      0      0 I   0.0   0.0   0:00.00 kworker+
     12 root       0 -20       0      0      0 I   0.0   0.0   0:00.00 kworker+
     13 root      20   0       0      0      0 I   0.0   0.0   0:00.00 rcu_tas+
     14 root      20   0       0      0      0 I   0.0   0.0   0:00.00 rcu_tas+
     15 root      20   0       0      0      0 I   0.0   0.0   0:00.00 rcu_tas+
top - 19:15:01 up 1 day, 22:47,  9 users,  load average: 0.03, 0.03, 0.00
Tasks: 183 total,   1 running, 182 sleeping,   0 stopped,   0 zombie
%Cpu(s):  5.9 us,  2.4 sy,  0.0 ni, 91.8 id,  0.0 wa,  0.0 hi,  0.0 si,  0.0 st 
MiB Mem :  32094.9 total,  27940.9 free,    852.9 used,   3765.8 buff/cache     
MiB Swap:      0.0 total,      0.0 free,      0.0 used.  31242.1 avail Mem 

    PID USER      PR  NI    VIRT    RES    SHR S  %CPU  %MEM     TIME+ COMMAND
      1 root      20   0   22584  13952   9600 S   0.0   0.0   1:53.17 systemd
      2 root      20   0       0      0      0 S   0.0   0.0   0:00.07 kthreadd
      3 root      20   0       0      0      0 S   0.0   0.0   0:00.00 pool_wo+
      4 root       0 -20       0      0      0 I   0.0   0.0   0:00.00 kworker+
      5 root       0 -20       0      0      0 I   0.0   0.0   0:00.00 kworker+
      6 root       0 -20       0      0      0 I   0.0   0.0   0:00.00 kworker+
      7 root       0 -20       0      0      0 I   0.0   0.0   0:00.00 kworker+
      9 root       0 -20       0      0      0 I   0.0   0.0   0:00.00 kworker+
     12 root       0 -20       0      0      0 I   0.0   0.0   0:00.00 kworker+
     13 root      20   0       0      0      0 I   0.0   0.0   0:00.00 rcu_tas+
     14 root      20   0       0      0      0 I   0.0   0.0   0:00.00 rcu_tas+
     15 root      20   0       0      0      0 I   0.0   0.0   0:00.00 rcu_tas+
     16 root      20   0       0      0      0 S   0.0   0.0   0:00.53 ksoftir+
top - 19:16:01 up 1 day, 22:48,  9 users,  load average: 0.01, 0.02, 0.00
Tasks: 183 total,   1 running, 182 sleeping,   0 stopped,   0 zombie
%Cpu(s):  0.0 us,  0.0 sy,  0.0 ni,100.0 id,  0.0 wa,  0.0 hi,  0.0 si,  0.0 st 
MiB Mem :  32094.9 total,  27930.0 free,    863.7 used,   3765.8 buff/cache     
MiB Swap:      0.0 total,      0.0 free,      0.0 used.  31231.2 avail Mem 

    PID USER      PR  NI    VIRT    RES    SHR S  %CPU  %MEM     TIME+ COMMAND
 182314 root      20   0   12364   5504   3456 R  10.0   0.0   0:00.01 top
      1 root      20   0   22584  13952   9600 S   0.0   0.0   1:53.25 systemd
      2 root      20   0       0      0      0 S   0.0   0.0   0:00.07 kthreadd
      3 root      20   0       0      0      0 S   0.0   0.0   0:00.00 pool_wo+
      4 root       0 -20       0      0      0 I   0.0   0.0   0:00.00 kworker+
      5 root       0 -20       0      0      0 I   0.0   0.0   0:00.00 kworker+
      6 root       0 -20       0      0      0 I   0.0   0.0   0:00.00 kworker+
      7 root       0 -20       0      0      0 I   0.0   0.0   0:00.00 kworker+
      9 root       0 -20       0      0      0 I   0.0   0.0   0:00.00 kworker+
     12 root       0 -20       0      0      0 I   0.0   0.0   0:00.00 kworker+
     13 root      20   0       0      0      0 I   0.0   0.0   0:00.00 rcu_tas+
     14 root      20   0       0      0      0 I   0.0   0.0   0:00.00 rcu_tas+
     15 root      20   0       0      0      0 I   0.0   0.0   0:00.00 rcu_tas+
